    Blocking waiting for file lock on package cache
    Blocking waiting for file lock on package cache
    Blocking waiting for file lock on package cache
    Blocking waiting for file lock on package cache
    Blocking waiting for file lock on build directory
    Finished release [optimized] target(s) in 0.59s
     Running `/home/rule/library/list-routine-learning-rs/target/release/simulation small_simulation.toml 5 /home/rule/library/list-routines-model-comparison/waves/3_1/json/c015_3.json out/1594482643/results/c015_3_best.csv out/1594482643/results/c015_3_predictions.csv out/1594482643/results/c015_3_all.csv /dev/null`
# loaded parameters
# loaded lexicon
#   C/0: list → list
#   TRUE/0: bool
#   FALSE/0: bool
#   NIL/0: list
#   CONS/0: nat → list → list
#   0/0: digit
#   1/0: digit
#   2/0: digit
#   3/0: digit
#   4/0: digit
#   5/0: digit
#   6/0: digit
#   7/0: digit
#   8/0: digit
#   9/0: digit
#   DIGIT/0: digit → nat
#   NAN/0: nat
#   ./2: ∀t1. ∀t2. (t1 → t2) → t1 → t2
#   EMPTY/0: list → bool
#   EQUAL/0: ∀t0. t0 → t0 → bool
#   HEAD/0: list → nat
#   IF/0: ∀t0. bool → t0 → t0 → t0
#   TAIL/0: list → list
#   +/0: nat → nat → nat
#   -/0: nat → nat → nat
#   >/0: nat → nat → bool
# loaded background
# loaded data
#   Datum { i: IntList([5, 6, 2, 9, 8, 8, 9, 3, 1]), o: IntList([9, 3]) }
#   Datum { i: IntList([1, 1, 3, 2, 3, 4, 5, 6, 5, 1]), o: IntList([3]) }
#   Datum { i: IntList([2, 4, 9, 0, 7, 6, 0, 9, 0, 4]), o: IntList([0, 7, 6]) }
#   Datum { i: IntList([7, 8, 2, 1, 7, 8, 7, 7, 7, 7]), o: IntList([7, 7]) }
#   Datum { i: IntList([3, 4, 5, 5, 4, 3, 3]), o: IntList([4, 3]) }
#   Datum { i: IntList([6, 7, 0, 1, 3, 5, 9, 4, 2, 8]), o: IntList([4, 2]) }
#   Datum { i: IntList([1, 4, 7, 7, 5, 1, 9, 5, 7]), o: IntList([7, 7, 5, 1]) }
#   Datum { i: IntList([4, 5, 6, 6, 4, 6, 9, 9]), o: IntList([6, 9]) }
#   Datum { i: IntList([1, 3, 9, 2, 0, 5, 7, 5, 7, 1]), o: IntList([9, 2, 0]) }
#   Datum { i: IntList([1, 2, 9, 3, 1, 4, 0, 1, 2, 8]), o: IntList([9, 3]) }
#   Datum { i: IntList([1, 5, 8, 3, 6, 2, 4, 8, 0]), o: IntList([8, 3, 6, 2, 4]) }
# searching
problem,run,order,trial,steps,tree,hypotheses,search_time,total_time
c015,0,3,1,1045872,1045873,895787,600.000262044,602.117611732
