    Blocking waiting for file lock on package cache
    Blocking waiting for file lock on package cache
    Finished release [optimized] target(s) in 0.26s
     Running `/home/rule/library/list-routine-learning-rs/target/release/simulation small_simulation.toml 5 /home/rule/library/list-routines-model-comparison/waves/3_1/json/c027_3.json out/1594482643/results/c027_3_best.csv out/1594482643/results/c027_3_predictions.csv out/1594482643/results/c027_3_all.csv /dev/null`
# loaded parameters
# loaded lexicon
#   C/0: list → list
#   TRUE/0: bool
#   FALSE/0: bool
#   NIL/0: list
#   CONS/0: nat → list → list
#   0/0: digit
#   1/0: digit
#   2/0: digit
#   3/0: digit
#   4/0: digit
#   5/0: digit
#   6/0: digit
#   7/0: digit
#   8/0: digit
#   9/0: digit
#   DIGIT/0: digit → nat
#   NAN/0: nat
#   ./2: ∀t1. ∀t2. (t1 → t2) → t1 → t2
#   EMPTY/0: list → bool
#   EQUAL/0: ∀t0. t0 → t0 → bool
#   HEAD/0: list → nat
#   IF/0: ∀t0. bool → t0 → t0 → t0
#   TAIL/0: list → list
#   +/0: nat → nat → nat
#   -/0: nat → nat → nat
#   >/0: nat → nat → bool
# loaded background
# loaded data
#   Datum { i: IntList([6, 6, 1]), o: IntList([6, 1]) }
#   Datum { i: IntList([6, 5, 8, 0, 4, 8, 1, 9, 3, 2]), o: IntList([6, 5, 0, 4, 8, 1, 9, 3, 2]) }
#   Datum { i: IntList([5, 7, 6, 1, 0, 8, 3]), o: IntList([5, 7, 1, 0, 8, 3]) }
#   Datum { i: IntList([9, 9, 7, 7, 7, 6, 6, 7, 2]), o: IntList([9, 7, 7, 7, 6, 6, 7, 2]) }
#   Datum { i: IntList([8, 8, 4, 1, 8, 4, 1, 4]), o: IntList([8, 4, 1, 8, 4, 1, 4]) }
#   Datum { i: IntList([0, 0, 9, 0]), o: IntList([0, 9, 0]) }
#   Datum { i: IntList([9, 4, 0, 5, 9, 4, 5, 0, 0]), o: IntList([9, 4, 5, 9, 4, 5, 0, 0]) }
#   Datum { i: IntList([2, 3, 9, 9, 8, 3, 8, 6]), o: IntList([2, 3, 9, 8, 3, 8, 6]) }
#   Datum { i: IntList([1, 2, 5, 1, 3, 2, 5]), o: IntList([1, 2, 1, 3, 2, 5]) }
#   Datum { i: IntList([5, 5, 7, 7, 2]), o: IntList([5, 7, 7, 2]) }
#   Datum { i: IntList([6, 4, 6, 2, 3, 3]), o: IntList([6, 4, 2, 3, 3]) }
# searching
problem,run,order,trial,steps,tree,hypotheses,search_time,total_time
c027,0,3,1,1099173,1099174,938826,600.000489998,601.980067252
