# ~~~~~~~~~~~~~~~~~~~~~~~~~~~~~~~~~~~~~~~~~~~~~~~~~~~~~~~~~~~~~~~~~~~~~~~~~~~~~~~~~~~~~~~~~~~~~~~~
# Running Fleet on simon with PID=11209 by user piantado at Wed Nov  6 21:04:48 2019
# ~~~~~~~~~~~~~~~~~~~~~~~~~~~~~~~~~~~~~~~~~~~~~~~~~~~~~~~~~~~~~~~~~~~~~~~~~~~~~~~~~~~~~~~~~~~~~~~~
# Executable checksum: ae0be1a467d652ad2e23d323782b74b7  /proc/11209/exe
# 	 --input=wave1/c002.txt
# 	 --threads=4
# 	 --chains=8
# 	 --mcmc=0
# 	 --mcts=0
# 	 --time=10m (600 seconds)
# 	 --restart=0
# 	 --seed=0
# ~~~~~~~~~~~~~~~~~~~~~~~~~~~~~~~~~~~~~~~~~~~~~~~~~~~~~~~~~~~~~~~~~~~~~~~~~~~~~~~~~~~~~~~~~~~~~~~~
# using data z?40@9OI49 -> @I
# using data 24 -> @I
# using data 1N8J<R0Sp -> @I
# using data 0h85Q0X9 -> @I
# using data 424160 -> @I
# using data 3?T;2{ -> @I
# using data 6^u?K347w8 -> @I
# using data 149 -> @I
# using data r20h40272 -> @I
# using data 5d81 -> @I
# using data K8d1e2n -> @I
# using data 36? -> @I
# using data 7{4 -> @I
# using data 8279R:q2D -> @I
# using data 1 -> @I
# using data 053 -> @I
# using data 6278 -> @I
# using data V4AB8e4C> -> @I
# using data  -> @I
# using data 7J64:089 -> @I
# using data 769r3=9Q;X -> @I
# using data 50 -> @I
# using data I8L8:00`4 -> @I
# using data >A3:t475:7 -> @I
# using data 1B0q5P5:30 -> @I
# using data Hu5 -> @I
# using data ::<h4 -> @I
# using data 253D7SP0; -> @I
# using data 7912 -> @I
# using data 4D7 -> @I
# using data 284 -> @I
# using data 99 -> @I
# using data 432 -> @I
# using data p]4C@61?C -> @I
# using data 3 -> @I
# using data K6_ -> @I
# using data 170{32 -> @I
# using data ;370 -> @I
# using data 8wV;2 -> @I
# using data 1aS0 -> @I
# using data U169:465;: -> @I
# using data q696OC2;93 -> @I
# using data 0=z2N -> @I
# using data 6HI6f -> @I
# using data 2545D{7 -> @I
# using data 33B1< -> @I
# using data |8y\5 -> @I
# using data | -> @I
# using data 8 -> @I
# using data :9R~3\N -> @I
# Starting run 
-712.104	-11.7971	-700.307	"λx.F(tail(F(Ø)))"
-712.104	-11.7971	-700.307	"λx.F(F(tail(Ø)))"
-712.104	-11.7971	-700.307	"λx.head(F(F(Ø)))"
-711.976	-11.6692	-700.307	"λx.if(empty('0'),x,Ø)"
-711.976	-11.6692	-700.307	"λx.if(empty('1'),x,Ø)"
-711.976	-11.6692	-700.307	"λx.if(empty('6'),x,Ø)"
-711.976	-11.6692	-700.307	"λx.if(empty('4'),x,Ø)"
-711.976	-11.6692	-700.307	"λx.if(empty('7'),x,Ø)"
-711.976	-11.6692	-700.307	"λx.if(empty('2'),x,Ø)"
-711.976	-11.6692	-700.307	"λx.if(empty('5'),x,Ø)"
-711.976	-11.6692	-700.307	"λx.if(empty('9'),x,Ø)"
-711.976	-11.6692	-700.307	"λx.if(empty(','),x,Ø)"
-711.976	-11.6692	-700.307	"λx.if(empty('3'),x,Ø)"
-711.976	-11.6692	-700.307	"λx.if(empty('8'),x,Ø)"
-711.88	-11.5739	-700.307	"λx.if(empty(x),Ø,Ø)"
-711.88	-11.5739	-700.307	"λx.if(empty(Ø),Ø,x)"
-711.41	-11.1039	-700.307	"λx.F(F(F(Ø)))"
-711.187	-10.8808	-700.307	"λx.tail(head(head(x)))"
-711.187	-10.8808	-700.307	"λx.head(tail(head(x)))"
-711.187	-10.8808	-700.307	"λx.tail(head(tail(x)))"
-711.187	-10.8808	-700.307	"λx.tail(tail(head(x)))"
-710.571	-10.2646	-700.307	"λx.if((x==x),Ø,x)"
-710.494	-10.1876	-700.307	"λx.F(tail(tail(x)))"
-710.494	-10.1876	-700.307	"λx.F(head(tail(x)))"
-710.494	-10.1876	-700.307	"λx.tail(F(tail(x)))"
-710.494	-10.1876	-700.307	"λx.F(tail(head(x)))"
-710.494	-10.1876	-700.307	"λx.head(F(tail(x)))"
-710.289	-9.98282	-700.307	"λx.head(tail('6'))"
-710.289	-9.98282	-700.307	"λx.tail(tail('3'))"
-710.289	-9.98282	-700.307	"λx.head(tail('9'))"
-710.289	-9.98282	-700.307	"λx.tail(tail('6'))"
-710.289	-9.98282	-700.307	"λx.head(tail('3'))"
-710.289	-9.98282	-700.307	"λx.tail(head('2'))"
-710.289	-9.98282	-700.307	"λx.tail(head('7'))"
-710.289	-9.98282	-700.307	"λx.tail(head('0'))"
-710.289	-9.98282	-700.307	"λx.tail(tail('8'))"
-710.289	-9.98282	-700.307	"λx.head(tail('1'))"
-710.289	-9.98282	-700.307	"λx.tail(tail('1'))"
-710.289	-9.98282	-700.307	"λx.tail(head(','))"
-710.289	-9.98282	-700.307	"λx.head(tail('8'))"
-710.289	-9.98282	-700.307	"λx.head(tail('0'))"
-710.289	-9.98282	-700.307	"λx.head(tail('7'))"
-710.289	-9.98282	-700.307	"λx.head(tail('5'))"
-710.289	-9.98282	-700.307	"λx.tail(tail('9'))"
-710.289	-9.98282	-700.307	"λx.tail(head('3'))"
-710.289	-9.98282	-700.307	"λx.tail(head('1'))"
-710.289	-9.98282	-700.307	"λx.tail(head('4'))"
-710.289	-9.98282	-700.307	"λx.tail(head('8'))"
-710.289	-9.98282	-700.307	"λx.head(tail('4'))"
-710.289	-9.98282	-700.307	"λx.tail(tail('4'))"
-710.289	-9.98282	-700.307	"λx.tail(head('5'))"
-710.289	-9.98282	-700.307	"λx.head(tail(','))"
-710.289	-9.98282	-700.307	"λx.tail(tail(','))"
-710.289	-9.98282	-700.307	"λx.tail(head('6'))"
-710.289	-9.98282	-700.307	"λx.tail(tail('7'))"
-710.289	-9.98282	-700.307	"λx.tail(tail('5'))"
-710.289	-9.98282	-700.307	"λx.tail(head('9'))"
-710.289	-9.98282	-700.307	"λx.tail(tail('2'))"
-710.289	-9.98282	-700.307	"λx.head(tail('2'))"
-710.289	-9.98282	-700.307	"λx.tail(tail('0'))"
-710.194	-9.88751	-700.307	"λx.cons(Ø,Ø)"
-710.194	-9.88751	-700.307	"λx.head(tail(Ø))"
-710.194	-9.88751	-700.307	"λx.tail(tail(Ø))"
-710.194	-9.88751	-700.307	"λx.tail(head(Ø))"
-710.194	-9.88751	-700.307	"λx.head(head(Ø))"
-709.801	-9.49447	-700.307	"λx.F(F(tail(x)))"
-709.596	-9.28967	-700.307	"λx.F(tail(','))"
-709.596	-9.28967	-700.307	"λx.F(tail('6'))"
-709.596	-9.28967	-700.307	"λx.F(tail('7'))"
-709.596	-9.28967	-700.307	"λx.F(tail('1'))"
-709.596	-9.28967	-700.307	"λx.F(tail('0'))"
-709.596	-9.28967	-700.307	"λx.F(tail('3'))"
-709.596	-9.28967	-700.307	"λx.F(tail('9'))"
-709.596	-9.28967	-700.307	"λx.F(tail('4'))"
-709.596	-9.28967	-700.307	"λx.F(tail('5'))"
-709.596	-9.28967	-700.307	"λx.F(tail('2'))"
-709.596	-9.28967	-700.307	"λx.F(tail('8'))"
-709.578	-9.27132	-700.307	"λx.if(empty(x),x,Ø)"
-709.501	-9.19436	-700.307	"λx.F(head(Ø))"
-709.501	-9.19436	-700.307	"λx.tail(F(Ø))"
-709.501	-9.19436	-700.307	"λx.F(tail(Ø))"
-709.501	-9.19436	-700.307	"λx.head(F(Ø))"
-708.808	-8.50122	-700.307	"λx.F(F(Ø))"
-707.891	-7.58493	-700.307	"λx.tail(head(x))"
-707.198	-6.89178	-700.307	"λx.F(tail(x))"
-706.994	-6.68698	-700.307	"λx.tail('1')"
-706.994	-6.68698	-700.307	"λx.tail('8')"
-706.994	-6.68698	-700.307	"λx.tail('9')"
-706.994	-6.68698	-700.307	"λx.tail('6')"
-706.994	-6.68698	-700.307	"λx.tail('7')"
-706.994	-6.68698	-700.307	"λx.tail(',')"
-706.994	-6.68698	-700.307	"λx.tail('3')"
-706.994	-6.68698	-700.307	"λx.tail('2')"
-706.994	-6.68698	-700.307	"λx.tail('4')"
-706.994	-6.68698	-700.307	"λx.tail('0')"
-706.994	-6.68698	-700.307	"λx.tail('5')"
-706.898	-6.59167	-700.307	"λx.head(Ø)"
-706.898	-6.59167	-700.307	"λx.tail(Ø)"
-706.205	-5.89853	-700.307	"λx.F(Ø)"
-703.602	-3.29584	-700.307	"λx.Ø"
# Global sample count:	184835606
# Elapsed time:	600.446 seconds 
# Samples per second:	307831
