# ~~~~~~~~~~~~~~~~~~~~~~~~~~~~~~~~~~~~~~~~~~~~~~~~~~~~~~~~~~~~~~~~~~~~~~~~~~~~~~~~~~~~~~~~~~~~~~~~
# Running Fleet on simon with PID=11227 by user piantado at Wed Nov  6 21:04:48 2019
# ~~~~~~~~~~~~~~~~~~~~~~~~~~~~~~~~~~~~~~~~~~~~~~~~~~~~~~~~~~~~~~~~~~~~~~~~~~~~~~~~~~~~~~~~~~~~~~~~
# Executable checksum: ae0be1a467d652ad2e23d323782b74b7  /proc/11227/exe
# 	 --input=wave1/c005.txt
# 	 --threads=4
# 	 --chains=8
# 	 --mcmc=0
# 	 --mcts=0
# 	 --time=10m (600 seconds)
# 	 --restart=0
# 	 --seed=0
# ~~~~~~~~~~~~~~~~~~~~~~~~~~~~~~~~~~~~~~~~~~~~~~~~~~~~~~~~~~~~~~~~~~~~~~~~~~~~~~~~~~~~~~~~~~~~~~~~
# using data  -> 
# using data 5]:1t7|} -> 5]:1t7|}
# using data 8c;71ze -> 8c;71ze
# using data @x8W:6 -> @x8W:6
# using data >:`329:3 -> >:`329:3
# using data 300: -> 300:
# using data c -> c
# using data 90E -> 90E
# using data 14y76645 -> 14y76645
# using data 93ja61ZR8 -> 93ja61ZR8
# using data 77:y72 -> 77:y72
# using data 1^5]808 -> 1^5]808
# using data 106W422L -> 106W422L
# using data i^u{5537O -> i^u{5537O
# using data S2 -> S2
# using data 2=;]31e -> 2=;]31e
# using data 9g -> 9g
# using data sND -> sND
# using data 4^?6Y79 -> 4^?6Y79
# using data u -> u
# using data ^163 -> ^163
# using data 5N -> 5N
# using data W~ -> W~
# using data g:83Y;36 -> g:83Y;36
# using data 6025O;o6ga -> 6025O;o6ga
# using data 42 -> 42
# using data 93>[:W -> 93>[:W
# using data }760o -> }760o
# using data 5@ks66 -> 5@ks66
# using data 59:274 -> 59:274
# using data 5:j9 -> 5:j9
# using data 56j16T -> 56j16T
# using data A -> A
# using data >k3w@ -> >k3w@
# using data =r` -> =r`
# using data 82<0jn3;0 -> 82<0jn3;0
# using data 4s: -> 4s:
# using data l1Hr0794z0 -> l1Hr0794z0
# using data V -> V
# using data E?> -> E?>
# using data 668~cU]B4 -> 668~cU]B4
# using data 064Y2]q43 -> 064Y2]q43
# using data 3H2su52>8 -> 3H2su52>8
# using data 3 -> 3
# using data 4U9N -> 4U9N
# using data 319756 -> 319756
# using data 3=bgeJ]0| -> 3=bgeJ]0|
# using data 2:7z7A805< -> 2:7z7A805<
# using data 26 -> 26
# using data I6G= -> I6G=
# Starting run 
-11.2578	-11.2578	0	"λx.if(empty(x),cons(x,x),x)"
-10.9761	-10.9761	0	"λx.cons(tail('0'),x)"
-10.9761	-10.9761	0	"λx.cons(x,tail('6'))"
-10.9761	-10.9761	0	"λx.cons(x,tail(','))"
-10.9761	-10.9761	0	"λx.tail(cons('5',x))"
-10.9761	-10.9761	0	"λx.cons(x,tail('1'))"
-10.9761	-10.9761	0	"λx.cons(tail('4'),x)"
-10.9761	-10.9761	0	"λx.cons(x,tail('5'))"
-10.9761	-10.9761	0	"λx.cons(x,tail('0'))"
-10.9761	-10.9761	0	"λx.cons(x,tail('8'))"
-10.9761	-10.9761	0	"λx.cons(x,tail('3'))"
-10.9761	-10.9761	0	"λx.tail(cons('8',x))"
-10.9761	-10.9761	0	"λx.tail(cons('6',x))"
-10.9761	-10.9761	0	"λx.cons(tail('1'),x)"
-10.9761	-10.9761	0	"λx.cons(x,tail('7'))"
-10.9761	-10.9761	0	"λx.cons(x,tail('2'))"
-10.9761	-10.9761	0	"λx.cons(tail('2'),x)"
-10.9761	-10.9761	0	"λx.cons(tail('5'),x)"
-10.9761	-10.9761	0	"λx.cons(tail(','),x)"
-10.9761	-10.9761	0	"λx.cons(tail('9'),x)"
-10.9761	-10.9761	0	"λx.cons(x,tail('9'))"
-10.9761	-10.9761	0	"λx.tail(cons('2',x))"
-10.9761	-10.9761	0	"λx.tail(cons('4',x))"
-10.9761	-10.9761	0	"λx.tail(cons('1',x))"
-10.9761	-10.9761	0	"λx.cons(x,tail('4'))"
-10.9761	-10.9761	0	"λx.tail(cons('3',x))"
-10.9761	-10.9761	0	"λx.tail(cons('9',x))"
-10.9761	-10.9761	0	"λx.tail(cons('7',x))"
-10.9761	-10.9761	0	"λx.cons(tail('7'),x)"
-10.9761	-10.9761	0	"λx.tail(cons(',',x))"
-10.9761	-10.9761	0	"λx.tail(cons('0',x))"
-10.9761	-10.9761	0	"λx.cons(tail('3'),x)"
-10.9761	-10.9761	0	"λx.cons(tail('8'),x)"
-10.9761	-10.9761	0	"λx.cons(tail('6'),x)"
-10.8808	-10.8808	0	"λx.cons(head(Ø),x)"
-10.8808	-10.8808	0	"λx.cons(x,head(Ø))"
-10.8808	-10.8808	0	"λx.cons(x,tail(Ø))"
-10.8808	-10.8808	0	"λx.cons(tail(Ø),x)"
-10.5647	-10.5647	0	"λx.if((x==x),x,F(x))"
-10.3599	-10.3599	0	"λx.if((x==x),x,'5')"
-10.3599	-10.3599	0	"λx.if(('7'==x),x,x)"
-10.3599	-10.3599	0	"λx.if(('4'==x),x,x)"
-10.3599	-10.3599	0	"λx.if((x==x),x,'4')"
-10.3599	-10.3599	0	"λx.if(('5'==x),x,x)"
-10.3599	-10.3599	0	"λx.if((x==x),x,'2')"
-10.3599	-10.3599	0	"λx.if((','==x),x,x)"
-10.3599	-10.3599	0	"λx.if((x=='2'),x,x)"
-10.3599	-10.3599	0	"λx.if((x=='4'),x,x)"
-10.3599	-10.3599	0	"λx.if((x==x),x,',')"
-10.3599	-10.3599	0	"λx.if(('0'==x),x,x)"
-10.3599	-10.3599	0	"λx.if((x=='8'),x,x)"
-10.3599	-10.3599	0	"λx.if(('3'==x),x,x)"
-10.3599	-10.3599	0	"λx.if((x=='6'),x,x)"
-10.3599	-10.3599	0	"λx.if((x=='3'),x,x)"
-10.3599	-10.3599	0	"λx.if((x=='0'),x,x)"
-10.3599	-10.3599	0	"λx.if((x=='1'),x,x)"
-10.3599	-10.3599	0	"λx.if((x==x),x,'7')"
-10.3599	-10.3599	0	"λx.if((x==x),x,'6')"
-10.3599	-10.3599	0	"λx.if((x==x),x,'1')"
-10.3599	-10.3599	0	"λx.if(('2'==x),x,x)"
-10.3599	-10.3599	0	"λx.if((x=='9'),x,x)"
-10.3599	-10.3599	0	"λx.if((x==x),x,'9')"
-10.3599	-10.3599	0	"λx.if((x==x),x,'8')"
-10.3599	-10.3599	0	"λx.if((x==x),x,'3')"
-10.3599	-10.3599	0	"λx.if(('9'==x),x,x)"
-10.3599	-10.3599	0	"λx.if((x=='5'),x,x)"
-10.3599	-10.3599	0	"λx.if(('8'==x),x,x)"
-10.3599	-10.3599	0	"λx.if(('1'==x),x,x)"
-10.3599	-10.3599	0	"λx.if(('6'==x),x,x)"
-10.3599	-10.3599	0	"λx.if((x=='7'),x,x)"
-10.3599	-10.3599	0	"λx.if((x==','),x,x)"
-10.3599	-10.3599	0	"λx.if((x==x),x,'0')"
-10.2646	-10.2646	0	"λx.if((x==x),x,Ø)"
-10.2646	-10.2646	0	"λx.if((Ø==x),x,x)"
-10.2646	-10.2646	0	"λx.if((x==Ø),x,x)"
-10.2646	-10.2646	0	"λx.if(empty(x),tail(x),x)"
-10.2646	-10.2646	0	"λx.if(empty(head(x)),x,x)"
-10.2646	-10.2646	0	"λx.if(empty(tail(x)),x,x)"
-10.2646	-10.2646	0	"λx.if(empty(x),head(x),x)"
-10.1876	-10.1876	0	"λx.cons(F(Ø),x)"
-10.1876	-10.1876	0	"λx.cons(x,F(Ø))"
-9.57143	-9.57143	0	"λx.if(empty(x),F(x),x)"
-9.36663	-9.36663	0	"λx.if(empty('6'),x,x)"
-9.36663	-9.36663	0	"λx.if(empty('2'),x,x)"
-9.36663	-9.36663	0	"λx.if(empty('9'),x,x)"
-9.36663	-9.36663	0	"λx.if(empty('4'),x,x)"
-9.36663	-9.36663	0	"λx.if(empty('7'),x,x)"
-9.36663	-9.36663	0	"λx.if(empty(','),x,x)"
-9.36663	-9.36663	0	"λx.if(empty('5'),x,x)"
-9.36663	-9.36663	0	"λx.if(empty('8'),x,x)"
-9.36663	-9.36663	0	"λx.if(empty('1'),x,x)"
-9.36663	-9.36663	0	"λx.if(empty('0'),x,x)"
-9.36663	-9.36663	0	"λx.if(empty('3'),x,x)"
-9.27132	-9.27132	0	"λx.if(empty(Ø),x,x)"
-9.27132	-9.27132	0	"λx.if(empty(x),Ø,x)"
-7.96199	-7.96199	0	"λx.if((x==x),x,x)"
-7.58493	-7.58493	0	"λx.cons(Ø,x)"
-7.58493	-7.58493	0	"λx.cons(x,Ø)"
-6.96874	-6.96874	0	"λx.if(empty(x),x,x)"
-0.993252	-0.993252	0	"λx.x"
# Global sample count:	284425537
# Elapsed time:	600.417 seconds 
# Samples per second:	473713
