    Blocking waiting for file lock on package cache
    Blocking waiting for file lock on package cache
    Blocking waiting for file lock on package cache
    Finished release [optimized] target(s) in 0.53s
     Running `/home/rule/library/list-routine-learning-rs/target/release/simulation small_simulation.toml 5 /home/rule/library/list-routines-model-comparison/waves/3/json/c007_2.json out/1593091766/results/c007_2_best.csv out/1593091766/results/c007_2_predictions.csv out/1593091766/results/c007_2_all.csv /dev/null`
# loaded parameters
# loaded lexicon
#   C/0: list → list
#   TRUE/0: bool
#   FALSE/0: bool
#   NIL/0: list
#   CONS/0: nat → list → list
#   0/0: digit
#   1/0: digit
#   2/0: digit
#   3/0: digit
#   4/0: digit
#   5/0: digit
#   6/0: digit
#   7/0: digit
#   8/0: digit
#   9/0: digit
#   DIGIT/0: digit → nat
#   NAN/0: nat
#   ./2: ∀t1. ∀t2. (t1 → t2) → t1 → t2
#   EMPTY/0: list → bool
#   EQUAL/0: ∀t0. t0 → t0 → bool
#   HEAD/0: list → nat
#   IF/0: ∀t0. bool → t0 → t0 → t0
#   TAIL/0: list → list
#   +/0: nat → nat → nat
#   -/0: nat → nat → nat
#   >/0: nat → nat → bool
# loaded background
# loaded data
#   Datum { i: IntList([6, 6, 6, 6]), o: IntList([6, 6]) }
#   Datum { i: IntList([9, 9, 1, 4, 1, 1, 4, 4, 4, 4]), o: IntList([9, 9]) }
#   Datum { i: IntList([0, 2, 2, 0]), o: IntList([0, 2]) }
#   Datum { i: IntList([7]), o: IntList([7]) }
#   Datum { i: IntList([8]), o: IntList([8]) }
#   Datum { i: IntList([7, 8, 5]), o: IntList([7, 8]) }
#   Datum { i: IntList([5, 0, 0]), o: IntList([5, 0]) }
#   Datum { i: IntList([1]), o: IntList([1]) }
#   Datum { i: IntList([]), o: IntList([]) }
#   Datum { i: IntList([2]), o: IntList([2]) }
#   Datum { i: IntList([3, 3, 1, 9, 8]), o: IntList([3, 3]) }
# searching
problem,run,order,trial,steps,hypotheses,tree,dag,search_time,total_time
c007,0,2,1,1143263,936161,1095916,1095916,600.001116358,601.900394516
c007,0,2,2,591622,560153,575456,575456,1200.0012619479999,1202.963366638
c007,0,2,3,433367,403541,414296,414296,1800.0044409759998,1803.951731818
c007,0,2,4,339823,318764,325745,325745,2400.0079233419997,2404.716897352
c007,0,2,5,313529,295330,300539,300539,3000.0102523389996,3005.38967548
c007,0,2,6,283382,261949,272261,272261,3600.0108274799995,3605.9449378
c007,0,2,7,248296,233215,240055,240055,4200.011710461999,4206.454036913
c007,0,2,8,219684,205978,212169,212169,4800.012823996999,4806.901430349
c007,0,2,9,167200,151406,157523,157523,5400.015644214999,5407.444948878
c007,0,2,10,224846,203071,213531,213531,6000.022512506999,6007.787110255
c007,0,2,11,200336,181358,190019,190019,6600.023738013999,6608.183554094
# search time: 6600.024s
# total time: 6608.638s
c007,1,2,1,1123627,920733,1076967,1076967,600.003050015,600.247526994
c007,1,2,2,601157,568739,584633,584633,1200.005581404,1200.592289781
c007,1,2,3,427901,398446,408478,408478,1800.0078588259998,1801.002261634
c007,1,2,4,338230,317542,324533,324533,2400.008102017,2401.328341969
c007,1,2,5,305143,287065,292356,292356,3000.009826211,3001.630531406
c007,1,2,6,286843,266163,276078,276078,3600.011220626,3601.92175148
c007,1,2,7,246057,231176,237971,237971,4200.012142348,4202.140346592
c007,1,2,8,219332,205921,211916,211916,4800.014781177,4802.367012324
c007,1,2,9,167565,151722,157813,157813,5400.020968034,5402.64292058
c007,1,2,10,223137,201690,212026,212026,6000.021954132,6002.823610727
c007,1,2,11,197908,179025,187711,187711,6600.02343604,6603.015011766
# search time: 6600.023s
# total time: 13212.251s
c007,2,2,1,1154234,996440,1120092,1120092,600.000062066,600.293750219
c007,2,2,2,581775,551735,566466,566466,1200.0004012260001,1200.554287249
c007,2,2,3,433252,403630,414114,414114,1800.0036552340002,1800.815204536
c007,2,2,4,335732,314902,321757,321757,2400.004714946,2401.03576087
c007,2,2,5,303626,284811,290235,290235,3000.007311874,3001.262633511
c007,2,2,6,281643,260451,270630,270630,3600.007710141,3601.462701084
c007,2,2,7,245925,230765,237681,237681,4200.008266693,4201.654054313
c007,2,2,8,218550,205054,211046,211046,4800.008318533,4801.818831029
c007,2,2,9,172044,157020,163325,163325,5400.009999914,5401.992708418
c007,2,2,10,222010,200610,210949,210949,6000.010026984,6002.137493633
c007,2,2,11,198840,179940,188693,188693,6600.011621712,6602.297669964
# search time: 6600.012s
# total time: 19815.203s
c007,3,2,1,1159660,1011315,1128062,1128062,600.005843913,600.27735597
c007,3,2,2,601471,568016,584298,584298,1200.00605766,1200.47117333
c007,3,2,3,431429,401668,412310,412310,1800.0064714179998,1800.665545668
c007,3,2,4,326690,306448,312658,312658,2400.008151047,2400.850927358
c007,3,2,5,311169,293248,298411,298411,3000.040513666,3001.052522839
thread 'main' panicked at 'index out of bounds: the len is 6 but the index is 7', /home/rule/library/program-induction/src/trs/mcts.rs:986:64
stack backtrace:
   0:     0x556de76882f5 - backtrace::backtrace::libunwind::trace::h812748238d609e46
                               at /cargo/registry/src/github.com-1ecc6299db9ec823/backtrace-0.3.46/src/backtrace/libunwind.rs:86
   1:     0x556de76882f5 - backtrace::backtrace::trace_unsynchronized::h7c97e818aebf09c8
                               at /cargo/registry/src/github.com-1ecc6299db9ec823/backtrace-0.3.46/src/backtrace/mod.rs:66
   2:     0x556de76882f5 - std::sys_common::backtrace::_print_fmt::h60d914263b0ccd71
                               at src/libstd/sys_common/backtrace.rs:78
   3:     0x556de76882f5 - <std::sys_common::backtrace::_print::DisplayBacktrace as core::fmt::Display>::fmt::hf78227137afc7565
                               at src/libstd/sys_common/backtrace.rs:59
   4:     0x556de75346dc - core::fmt::write::h543cdf60775f89bf
                               at src/libcore/fmt/mod.rs:1069
   5:     0x556de7687914 - std::io::Write::write_fmt::h0c7f3ce24c679426
                               at src/libstd/io/mod.rs:1504
   6:     0x556de7687105 - std::sys_common::backtrace::_print::h80e55e24be231368
                               at src/libstd/sys_common/backtrace.rs:62
   7:     0x556de7687105 - std::sys_common::backtrace::print::h3b197b9c1261c865
                               at src/libstd/sys_common/backtrace.rs:49
   8:     0x556de7687105 - std::panicking::default_hook::{{closure}}::ha6c807149ce20f8f
                               at src/libstd/panicking.rs:198
   9:     0x556de7686904 - std::panicking::default_hook::he49a9c12e358cc45
                               at src/libstd/panicking.rs:218
  10:     0x556de7686904 - std::panicking::rust_panic_with_hook::h93f74f5ef2f71f31
                               at src/libstd/panicking.rs:511
  11:     0x556de7686208 - rust_begin_unwind
                               at src/libstd/panicking.rs:419
  12:     0x556de7532980 - core::panicking::panic_fmt::h1ce7d3a6bb2a90c1
                               at src/libcore/panicking.rs:111
  13:     0x556de7532811 - core::panicking::panic_bounds_check::h4b3d0dcda831e378
                               at src/libcore/panicking.rs:69
  14:     0x556de75ac6e7 - programinduction::trs::mcts::TrueState::make_move::h5636b3422394ea91
  15:     0x556de767d262 - programinduction::mcts::SearchTree<M>::prune_except_top::h8e9f962d5bb011d5
  16:     0x556de765bf26 - simulation::search::h54da192a5138b072
  17:     0x556de7649c7e - polytype::atype::context::with_ctx::h6dd93c58638b6fd1
  18:     0x556de76910e3 - std::rt::lang_start_internal::{{closure}}::{{closure}}::h4ed4ab1fb893cc93
                               at src/libstd/rt.rs:52
  19:     0x556de76910e3 - std::sys_common::backtrace::__rust_begin_short_backtrace::h1f01c818c00c4f70
                               at src/libstd/sys_common/backtrace.rs:130
  20:     0x556de76623e2 - main
  21:     0x7f6c13a6b1e3 - __libc_start_main
  22:     0x556de74ea18e - _start
  23:                0x0 - <unknown>
