    Finished release [optimized] target(s) in 0.05s
     Running `/home/rule/library/list-routine-learning-rs/target/release/simulation small_simulation.toml 5 /home/rule/library/list-routines-model-comparison/waves/3/json/c040_3.json out/1593091766/results/c040_3_best.csv out/1593091766/results/c040_3_predictions.csv out/1593091766/results/c040_3_all.csv /dev/null`
# loaded parameters
# loaded lexicon
#   C/0: list → list
#   TRUE/0: bool
#   FALSE/0: bool
#   NIL/0: list
#   CONS/0: nat → list → list
#   0/0: digit
#   1/0: digit
#   2/0: digit
#   3/0: digit
#   4/0: digit
#   5/0: digit
#   6/0: digit
#   7/0: digit
#   8/0: digit
#   9/0: digit
#   DIGIT/0: digit → nat
#   NAN/0: nat
#   ./2: ∀t1. ∀t2. (t1 → t2) → t1 → t2
#   EMPTY/0: list → bool
#   EQUAL/0: ∀t0. t0 → t0 → bool
#   HEAD/0: list → nat
#   IF/0: ∀t0. bool → t0 → t0 → t0
#   TAIL/0: list → list
#   +/0: nat → nat → nat
#   -/0: nat → nat → nat
#   >/0: nat → nat → bool
# loaded background
# loaded data
#   Datum { i: IntList([2, 9, 0, 5, 7]), o: IntList([2, 9, 0, 5, 7, 9]) }
#   Datum { i: IntList([9, 4, 1, 3, 2, 0, 6, 8]), o: IntList([9, 4, 1, 3, 2, 0, 6, 8]) }
#   Datum { i: IntList([0, 0, 0]), o: IntList([0, 0, 0]) }
#   Datum { i: IntList([4, 4, 7, 3, 5, 4]), o: IntList([4, 4, 7, 3, 5, 4, 3]) }
#   Datum { i: IntList([1, 9, 2, 2, 3, 1, 4, 6, 6, 9]), o: IntList([1, 9, 2, 2, 3, 1, 4, 6, 6, 9, 9]) }
#   Datum { i: IntList([0, 9, 0, 9]), o: IntList([0, 9, 0, 9, 9]) }
#   Datum { i: IntList([0, 1, 2, 6, 3, 9, 5, 7, 2, 0]), o: IntList([0, 1, 2, 6, 3, 9, 5, 7, 2, 0]) }
#   Datum { i: IntList([6, 6, 9, 3, 9, 6, 9, 6]), o: IntList([6, 6, 9, 3, 9, 6, 9, 6, 3]) }
#   Datum { i: IntList([6, 1, 0, 0]), o: IntList([6, 1, 0, 0]) }
#   Datum { i: IntList([4, 6, 8, 4, 7]), o: IntList([4, 6, 8, 4, 7, 3]) }
#   Datum { i: IntList([1, 1, 2]), o: IntList([1, 1, 2]) }
# searching
problem,run,order,trial,steps,hypotheses,tree,dag,search_time,total_time
c040,0,3,1,1092017,964842,1065850,1065850,600.001700847,602.240208738
c040,0,3,2,390736,364541,374565,374565,1200.002362139,1203.305715359
c040,0,3,3,204018,192883,195686,195686,1800.005856226,1804.203279706
c040,0,3,4,192024,181858,185453,185453,2400.0107024510003,2404.759691616
c040,0,3,5,140653,131347,132402,132402,3000.0129885530005,3005.371953533
c040,0,3,6,83861,75903,76427,76427,3600.0167975050003,3606.26595496
thread 'main' panicked at 'index out of bounds: the len is 28 but the index is 28', /home/rule/library/term-rewriting-rs/src/types/atom.rs:138:9
stack backtrace:
   0:     0x55a77f63d2f5 - backtrace::backtrace::libunwind::trace::h812748238d609e46
                               at /cargo/registry/src/github.com-1ecc6299db9ec823/backtrace-0.3.46/src/backtrace/libunwind.rs:86
   1:     0x55a77f63d2f5 - backtrace::backtrace::trace_unsynchronized::h7c97e818aebf09c8
                               at /cargo/registry/src/github.com-1ecc6299db9ec823/backtrace-0.3.46/src/backtrace/mod.rs:66
   2:     0x55a77f63d2f5 - std::sys_common::backtrace::_print_fmt::h60d914263b0ccd71
                               at src/libstd/sys_common/backtrace.rs:78
   3:     0x55a77f63d2f5 - <std::sys_common::backtrace::_print::DisplayBacktrace as core::fmt::Display>::fmt::hf78227137afc7565
                               at src/libstd/sys_common/backtrace.rs:59
   4:     0x55a77f4e96dc - core::fmt::write::h543cdf60775f89bf
                               at src/libcore/fmt/mod.rs:1069
   5:     0x55a77f63c914 - std::io::Write::write_fmt::h0c7f3ce24c679426
                               at src/libstd/io/mod.rs:1504
   6:     0x55a77f63c105 - std::sys_common::backtrace::_print::h80e55e24be231368
                               at src/libstd/sys_common/backtrace.rs:62
   7:     0x55a77f63c105 - std::sys_common::backtrace::print::h3b197b9c1261c865
                               at src/libstd/sys_common/backtrace.rs:49
   8:     0x55a77f63c105 - std::panicking::default_hook::{{closure}}::ha6c807149ce20f8f
                               at src/libstd/panicking.rs:198
   9:     0x55a77f63b904 - std::panicking::default_hook::he49a9c12e358cc45
                               at src/libstd/panicking.rs:218
  10:     0x55a77f63b904 - std::panicking::rust_panic_with_hook::h93f74f5ef2f71f31
                               at src/libstd/panicking.rs:511
  11:     0x55a77f63b208 - rust_begin_unwind
                               at src/libstd/panicking.rs:419
  12:     0x55a77f4e7980 - core::panicking::panic_fmt::h1ce7d3a6bb2a90c1
                               at src/libcore/panicking.rs:111
  13:     0x55a77f4e7811 - core::panicking::panic_bounds_check::h4b3d0dcda831e378
                               at src/libcore/panicking.rs:69
  14:     0x55a77f664f96 - <term_rewriting::types::term::Context as core::convert::From<term_rewriting::types::atom::SituatedAtom>>::from::h880a3856dfc6f9e2
  15:     0x55a77f55853c - programinduction::trs::mcts::TrueState::make_move::h5636b3422394ea91
  16:     0x55a77f632262 - programinduction::mcts::SearchTree<M>::prune_except_top::h8e9f962d5bb011d5
  17:     0x55a77f610f26 - simulation::search::h54da192a5138b072
  18:     0x55a77f5fec7e - polytype::atype::context::with_ctx::h6dd93c58638b6fd1
  19:     0x55a77f6460e3 - std::rt::lang_start_internal::{{closure}}::{{closure}}::h4ed4ab1fb893cc93
                               at src/libstd/rt.rs:52
  20:     0x55a77f6460e3 - std::sys_common::backtrace::__rust_begin_short_backtrace::h1f01c818c00c4f70
                               at src/libstd/sys_common/backtrace.rs:130
  21:     0x55a77f6173e2 - main
  22:     0x7f4dae0a61e3 - __libc_start_main
  23:     0x55a77f49f18e - _start
  24:                0x0 - <unknown>
