    Finished release [optimized] target(s) in 0.05s
     Running `/home/rule/library/list-routine-learning-rs/target/release/simulation small_simulation.toml 5 /home/rule/library/list-routines-model-comparison/waves/3/json/c065_4.json out/1593091766/results/c065_4_best.csv out/1593091766/results/c065_4_predictions.csv out/1593091766/results/c065_4_all.csv /dev/null`
# loaded parameters
# loaded lexicon
#   C/0: list → list
#   TRUE/0: bool
#   FALSE/0: bool
#   NIL/0: list
#   CONS/0: nat → list → list
#   0/0: digit
#   1/0: digit
#   2/0: digit
#   3/0: digit
#   4/0: digit
#   5/0: digit
#   6/0: digit
#   7/0: digit
#   8/0: digit
#   9/0: digit
#   DIGIT/0: digit → nat
#   NAN/0: nat
#   ./2: ∀t1. ∀t2. (t1 → t2) → t1 → t2
#   EMPTY/0: list → bool
#   EQUAL/0: ∀t0. t0 → t0 → bool
#   HEAD/0: list → nat
#   IF/0: ∀t0. bool → t0 → t0 → t0
#   TAIL/0: list → list
#   +/0: nat → nat → nat
#   -/0: nat → nat → nat
#   >/0: nat → nat → bool
# loaded background
# loaded data
#   Datum { i: IntList([4, 8]), o: IntList([9, 4, 8, 7]) }
#   Datum { i: IntList([7]), o: IntList([9, 7, 7]) }
#   Datum { i: IntList([1, 1, 1, 2, 1, 1, 1, 2]), o: IntList([9, 1, 1, 1, 2, 1, 1, 1, 2, 7]) }
#   Datum { i: IntList([1, 0, 0, 8]), o: IntList([9, 1, 0, 0, 8, 7]) }
#   Datum { i: IntList([3, 6, 4, 3, 6, 3, 5, 5, 4, 5]), o: IntList([9, 3, 6, 4, 3, 6, 3, 5, 5, 4, 5, 7]) }
#   Datum { i: IntList([]), o: IntList([9, 7]) }
#   Datum { i: IntList([6, 6, 3, 0, 0, 3]), o: IntList([9, 6, 6, 3, 0, 0, 3, 7]) }
#   Datum { i: IntList([1, 3, 1, 5, 6, 4, 4, 3, 8]), o: IntList([9, 1, 3, 1, 5, 6, 4, 4, 3, 8, 7]) }
#   Datum { i: IntList([0, 8, 2, 4, 1, 9, 6]), o: IntList([9, 0, 8, 2, 4, 1, 9, 6, 7]) }
#   Datum { i: IntList([7, 8, 2, 1, 9]), o: IntList([9, 7, 8, 2, 1, 9, 7]) }
#   Datum { i: IntList([2, 2, 8]), o: IntList([9, 2, 2, 8, 7]) }
# searching
problem,run,order,trial,steps,hypotheses,tree,dag,search_time,total_time
c065,0,4,1,1339671,1149510,1298255,1298255,600.000008102,601.865418624
c065,0,4,2,551793,520528,535018,535018,1200.0003427400002,1202.747712996
c065,0,4,3,429985,403652,409688,409688,1800.0106306290002,1803.397507883
c065,0,4,4,190495,172149,172942,172942,2400.010900658,2404.087737977
c065,0,4,5,164209,149290,149839,149839,3000.014521353,3004.573300528
c065,0,4,6,105705,93492,93925,93925,3600.014756105,3605.05389587
c065,0,4,7,104702,88665,89060,89060,4200.020898613,4205.484865901
c065,0,4,8,89112,72751,73155,73155,4800.024161792,4805.855034368
c065,0,4,9,67654,53885,54262,54262,5400.0273015640005,5406.285492276
c065,0,4,10,57168,45496,45846,45846,6000.031368112001,6006.759221337
c065,0,4,11,50591,41582,41928,41928,6600.040136653,6607.234759772
# search time: 6600.040s
# total time: 6607.619s
c065,1,4,1,1320847,1132592,1279692,1279692,600.000125043,600.370686766
c065,1,4,2,566277,532403,547610,547610,1200.000439818,1200.733167632
c065,1,4,3,421059,394287,400332,400332,1800.0015609839998,1801.043857005
c065,1,4,4,189668,171466,172260,172260,2400.0056983669997,2401.36609754
c065,1,4,5,162615,147920,148379,148379,3000.0086318159997,3001.660601224
c065,1,4,6,105713,93313,93782,93782,3600.0132978599995,3601.945269522
c065,1,4,7,105056,88786,89230,89230,4200.020202944999,4202.168491884
c065,1,4,8,88283,72528,72941,72941,4800.020347303,4802.366377071
c065,1,4,9,67055,52909,53212,53212,5400.031285302,5402.573662495
c065,1,4,10,57159,44290,44580,44580,6000.032651703999,6002.813270676
c065,1,4,11,50546,41335,41671,41671,6600.0335660089995,6603.056452306
# search time: 6600.034s
# total time: 13211.340s
c065,2,4,1,1342497,1100338,1286622,1286622,600.001096228,600.234656722
c065,2,4,2,549039,518053,532590,532590,1200.002072212,1200.495300455
c065,2,4,3,424561,398640,404567,404567,1800.006801941,1800.719641164
c065,2,4,4,189630,171444,172208,172208,2400.009664056,2400.934691335
c065,2,4,5,162824,148064,148463,148463,3000.010971647,3001.108770192
c065,2,4,6,105431,93367,93813,93813,3600.016735243,3601.318465335
c065,2,4,7,104314,88540,89011,89011,4200.017667201,4201.491721476
c065,2,4,8,88925,73026,73445,73445,4800.026961398,4801.644644002
c065,2,4,9,66756,53181,53570,53570,5400.040743583,5401.814197738
c065,2,4,10,57285,45396,45760,45760,6000.044708999,6002.033157528
c065,2,4,11,50849,41582,41960,41960,6600.046795729,6602.239108734
# search time: 6600.047s
# total time: 19814.243s
c065,3,4,1,1292399,1056776,1238701,1238701,600.007633302,600.205022836
c065,3,4,2,549621,517141,532173,532173,1200.012212147,1200.421746608
c065,3,4,3,426549,400306,406225,406225,1800.0147984259997,1800.605792657
c065,3,4,4,195595,176924,177820,177820,2400.0168590679996,2400.764349246
c065,3,4,5,161780,147093,147601,147601,3000.0170447909995,3000.925276983
c065,3,4,6,104834,92725,93161,93161,3600.0238844159994,3601.06711197
c065,3,4,7,103513,87478,87819,87819,4200.025798698,4201.191782616
c065,3,4,8,85776,69839,70094,70094,4800.032139436,4801.338543615
c065,3,4,9,66841,53117,53497,53497,5400.041321301,5401.489621753
c065,3,4,10,55956,44385,44743,44743,6000.048699593,6001.6354288
c065,3,4,11,49894,40675,40987,40987,6600.051307788,6601.791590549
# search time: 6600.051s
# total time: 26416.807s
c065,4,4,1,1331382,1089630,1276193,1276193,600.005717763,600.204676529
c065,4,4,2,571483,537572,552750,552750,1200.0061958679998,1200.408605764
c065,4,4,3,425131,398735,404739,404739,1800.0065116779997,1800.571088674
c065,4,4,4,193147,174850,175708,175708,2400.0071347699995,2400.712276712
c065,4,4,5,161104,146472,146974,146974,3000.0077826539996,3000.828584597
c065,4,4,6,104422,92333,92740,92740,3600.0103511649995,3600.963913281
c065,4,4,7,102863,87123,87514,87514,4200.015203759,4201.069672188
c065,4,4,8,88200,72428,72842,72842,4800.018607604,4801.170746502
c065,4,4,9,67621,54111,54475,54475,5400.0272858339995,5401.27350201
c065,4,4,10,56176,44360,44707,44707,6000.035899254,6001.435446136
c065,4,4,11,49847,40830,41182,41182,6600.048520607,6601.563773865
# search time: 6600.049s
# total time: 33018.926s
