    Finished release [optimized] target(s) in 0.05s
     Running `/home/rule/library/list-routine-learning-rs/target/release/simulation small_simulation.toml 5 /home/rule/library/list-routines-model-comparison/waves/3/json/c071_1.json out/1593091766/results/c071_1_best.csv out/1593091766/results/c071_1_predictions.csv out/1593091766/results/c071_1_all.csv /dev/null`
# loaded parameters
# loaded lexicon
#   C/0: list → list
#   TRUE/0: bool
#   FALSE/0: bool
#   NIL/0: list
#   CONS/0: nat → list → list
#   0/0: digit
#   1/0: digit
#   2/0: digit
#   3/0: digit
#   4/0: digit
#   5/0: digit
#   6/0: digit
#   7/0: digit
#   8/0: digit
#   9/0: digit
#   DIGIT/0: digit → nat
#   NAN/0: nat
#   ./2: ∀t1. ∀t2. (t1 → t2) → t1 → t2
#   EMPTY/0: list → bool
#   EQUAL/0: ∀t0. t0 → t0 → bool
#   HEAD/0: list → nat
#   IF/0: ∀t0. bool → t0 → t0 → t0
#   TAIL/0: list → list
#   +/0: nat → nat → nat
#   -/0: nat → nat → nat
#   >/0: nat → nat → bool
# loaded background
# loaded data
#   Datum { i: IntList([0, 0, 7, 0]), o: IntList([2, 2, 9, 2]) }
#   Datum { i: IntList([6, 7, 7, 6, 1, 4, 2, 6, 5]), o: IntList([8, 9, 9, 8, 3, 6, 4, 8, 7]) }
#   Datum { i: IntList([6]), o: IntList([8]) }
#   Datum { i: IntList([5, 5]), o: IntList([7, 7]) }
#   Datum { i: IntList([1, 4, 3, 6, 0]), o: IntList([3, 6, 5, 8, 2]) }
#   Datum { i: IntList([0, 7, 5, 7, 6, 3, 4, 2]), o: IntList([2, 9, 7, 9, 8, 5, 6, 4]) }
#   Datum { i: IntList([6, 0, 6, 6, 0, 2, 6, 2, 0]), o: IntList([8, 2, 8, 8, 2, 4, 8, 4, 2]) }
#   Datum { i: IntList([1, 3, 3, 2, 4, 5, 6]), o: IntList([3, 5, 5, 4, 6, 7, 8]) }
#   Datum { i: IntList([7, 7, 1, 4, 4, 6, 4, 1, 4, 0]), o: IntList([9, 9, 3, 6, 6, 8, 6, 3, 6, 2]) }
#   Datum { i: IntList([1, 1, 1, 1, 1, 1]), o: IntList([3, 3, 3, 3, 3, 3]) }
#   Datum { i: IntList([4, 5, 7]), o: IntList([6, 7, 9]) }
# searching
problem,run,order,trial,steps,hypotheses,tree,dag,search_time,total_time
c071,0,1,1,684900,580349,661874,661874,600.000127443,602.804151143
c071,0,1,2,292614,274489,282651,282651,1200.0005298,1204.529569423
c071,0,1,3,119129,109461,110645,110645,1800.001437335,1805.641222005
c071,0,1,4,198624,177587,179263,179263,2400.002374773,2406.977618091
c071,0,1,5,184532,164857,165492,165492,3000.004726721,3008.502285533
c071,0,1,6,85643,75861,76567,76567,3600.004753308,3609.502239737
c071,0,1,7,58054,50762,51297,51297,4200.011732397,4210.519065971
c071,0,1,8,43301,38603,39016,39016,4800.012528423,4811.603784974
c071,0,1,9,36354,31553,31920,31920,5400.014509922,5412.633598138
c071,0,1,10,27809,24341,24642,24642,6000.035810158,6013.691138424
c071,0,1,11,25185,21985,22267,22267,6600.042379205999,6614.867447423
# search time: 6600.042s
# total time: 6615.137s
c071,1,1,1,691471,594641,670288,670288,600.000109178,600.377889535
c071,1,1,2,296494,278913,286513,286513,1200.001021602,1200.981403898
c071,1,1,3,118188,108671,109785,109785,1800.001731543,1801.644080365
thread 'main' panicked at 'index out of bounds: the len is 27 but the index is 27', /home/rule/library/term-rewriting-rs/src/types/atom.rs:138:9
stack backtrace:
   0:     0x55a65bc2a2f5 - backtrace::backtrace::libunwind::trace::h812748238d609e46
                               at /cargo/registry/src/github.com-1ecc6299db9ec823/backtrace-0.3.46/src/backtrace/libunwind.rs:86
   1:     0x55a65bc2a2f5 - backtrace::backtrace::trace_unsynchronized::h7c97e818aebf09c8
                               at /cargo/registry/src/github.com-1ecc6299db9ec823/backtrace-0.3.46/src/backtrace/mod.rs:66
   2:     0x55a65bc2a2f5 - std::sys_common::backtrace::_print_fmt::h60d914263b0ccd71
                               at src/libstd/sys_common/backtrace.rs:78
   3:     0x55a65bc2a2f5 - <std::sys_common::backtrace::_print::DisplayBacktrace as core::fmt::Display>::fmt::hf78227137afc7565
                               at src/libstd/sys_common/backtrace.rs:59
   4:     0x55a65bad66dc - core::fmt::write::h543cdf60775f89bf
                               at src/libcore/fmt/mod.rs:1069
   5:     0x55a65bc29914 - std::io::Write::write_fmt::h0c7f3ce24c679426
                               at src/libstd/io/mod.rs:1504
   6:     0x55a65bc29105 - std::sys_common::backtrace::_print::h80e55e24be231368
                               at src/libstd/sys_common/backtrace.rs:62
   7:     0x55a65bc29105 - std::sys_common::backtrace::print::h3b197b9c1261c865
                               at src/libstd/sys_common/backtrace.rs:49
   8:     0x55a65bc29105 - std::panicking::default_hook::{{closure}}::ha6c807149ce20f8f
                               at src/libstd/panicking.rs:198
   9:     0x55a65bc28904 - std::panicking::default_hook::he49a9c12e358cc45
                               at src/libstd/panicking.rs:218
  10:     0x55a65bc28904 - std::panicking::rust_panic_with_hook::h93f74f5ef2f71f31
                               at src/libstd/panicking.rs:511
  11:     0x55a65bc28208 - rust_begin_unwind
                               at src/libstd/panicking.rs:419
  12:     0x55a65bad4980 - core::panicking::panic_fmt::h1ce7d3a6bb2a90c1
                               at src/libcore/panicking.rs:111
  13:     0x55a65bad4811 - core::panicking::panic_bounds_check::h4b3d0dcda831e378
                               at src/libcore/panicking.rs:69
  14:     0x55a65bc51f96 - <term_rewriting::types::term::Context as core::convert::From<term_rewriting::types::atom::SituatedAtom>>::from::h880a3856dfc6f9e2
  15:     0x55a65bb4553c - programinduction::trs::mcts::TrueState::make_move::h5636b3422394ea91
  16:     0x55a65bc1f262 - programinduction::mcts::SearchTree<M>::prune_except_top::h8e9f962d5bb011d5
  17:     0x55a65bbfdf26 - simulation::search::h54da192a5138b072
  18:     0x55a65bbebc7e - polytype::atype::context::with_ctx::h6dd93c58638b6fd1
  19:     0x55a65bc330e3 - std::rt::lang_start_internal::{{closure}}::{{closure}}::h4ed4ab1fb893cc93
                               at src/libstd/rt.rs:52
  20:     0x55a65bc330e3 - std::sys_common::backtrace::__rust_begin_short_backtrace::h1f01c818c00c4f70
                               at src/libstd/sys_common/backtrace.rs:130
  21:     0x55a65bc043e2 - main
  22:     0x7f90f8d9a1e3 - __libc_start_main
  23:     0x55a65ba8c18e - _start
  24:                0x0 - <unknown>
