    Finished release [optimized] target(s) in 0.05s
     Running `/home/rule/library/list-routine-learning-rs/target/release/simulation small_simulation.toml 5 /home/rule/library/list-routines-model-comparison/waves/3/json/c076_1.json out/1593091766/results/c076_1_best.csv out/1593091766/results/c076_1_predictions.csv out/1593091766/results/c076_1_all.csv /dev/null`
# loaded parameters
# loaded lexicon
#   C/0: list → list
#   TRUE/0: bool
#   FALSE/0: bool
#   NIL/0: list
#   CONS/0: nat → list → list
#   0/0: digit
#   1/0: digit
#   2/0: digit
#   3/0: digit
#   4/0: digit
#   5/0: digit
#   6/0: digit
#   7/0: digit
#   8/0: digit
#   9/0: digit
#   DIGIT/0: digit → nat
#   NAN/0: nat
#   ./2: ∀t1. ∀t2. (t1 → t2) → t1 → t2
#   EMPTY/0: list → bool
#   EQUAL/0: ∀t0. t0 → t0 → bool
#   HEAD/0: list → nat
#   IF/0: ∀t0. bool → t0 → t0 → t0
#   TAIL/0: list → list
#   +/0: nat → nat → nat
#   -/0: nat → nat → nat
#   >/0: nat → nat → bool
# loaded background
# loaded data
#   Datum { i: IntList([0, 9, 4, 7]), o: IntList([6, 4]) }
#   Datum { i: IntList([7, 8, 4, 2, 5, 0, 1, 9, 7]), o: IntList([4, 5, 6, 4]) }
#   Datum { i: IntList([4, 1, 4, 4, 1, 4]), o: IntList([]) }
#   Datum { i: IntList([8, 0]), o: IntList([5]) }
#   Datum { i: IntList([6, 2, 2, 2, 6, 3, 3, 6]), o: IntList([3, 3, 3]) }
#   Datum { i: IntList([8, 8, 8, 8, 8, 8, 8, 8, 8, 8]), o: IntList([5, 5, 5, 5, 5, 5, 5, 5, 5, 5]) }
#   Datum { i: IntList([6, 2, 3]), o: IntList([3]) }
#   Datum { i: IntList([9, 9, 7, 7, 7, 9, 9, 7]), o: IntList([6, 6, 4, 4, 4, 6, 6, 4]) }
#   Datum { i: IntList([7, 7, 0, 7, 6, 9, 2, 2, 7, 2]), o: IntList([4, 4, 4, 3, 6, 4]) }
#   Datum { i: IntList([6, 0, 9, 7, 1, 0]), o: IntList([3, 6, 4]) }
#   Datum { i: IntList([0, 9, 5, 7, 3, 8, 6, 7]), o: IntList([6, 4, 5, 3, 4]) }
# searching
problem,run,order,trial,steps,hypotheses,tree,dag,search_time,total_time
c076,0,1,1,1226828,1038600,1185609,1185609,600.001230485,601.846840831
c076,0,1,2,723489,682873,701915,701915,1200.0015335819999,1203.037148617
c076,0,1,3,383863,362711,366045,366045,1800.001931353,1803.927603162
c076,0,1,4,321928,302331,313269,313269,2400.016297475,2404.663741605
c076,0,1,5,286211,269852,279321,279321,3000.016775213,3005.249813962
c076,0,1,6,200210,188631,195969,195969,3600.020092627,3605.82125825
c076,0,1,7,123200,117071,121635,121635,4200.020598427,4206.421463652
c076,0,1,8,114231,107081,111648,111648,4800.027367199,4806.967152986
c076,0,1,9,89090,84376,88204,88204,5400.034389636,5407.542825049
c076,0,1,10,68830,64689,67602,67602,6000.044011099,6008.16017728
c076,0,1,11,63419,58990,62001,62001,6600.0575016170005,6608.7956585
# search time: 6600.058s
# total time: 6609.241s
c076,1,1,1,1347997,1172580,1310581,1310581,600.000128865,600.364940353
c076,1,1,2,777773,734661,755409,755409,1200.000424897,1200.748482275
c076,1,1,3,432148,405869,409741,409741,1800.0032417399998,1801.131698254
c076,1,1,4,371555,349901,362543,362543,2400.0033667029998,2401.467758298
c076,1,1,5,317548,298344,308471,308471,3000.0124524309995,3001.803684053
c076,1,1,6,226802,213694,221771,221771,3600.0124525179995,3602.062921424
c076,1,1,7,141080,134225,139325,139325,4200.013355400999,4202.381040544
c076,1,1,8,127740,119581,124365,124365,4800.015648615999,4802.718625783
c076,1,1,9,99525,94205,98302,98302,5400.018718812999,5403.015815039
c076,1,1,10,76715,71938,75118,75118,6000.030476104,6003.303608237
c076,1,1,11,74719,69738,73143,73143,6600.0324983089995,6603.603219129
# search time: 6600.032s
# total time: 13213.716s
c076,2,1,1,1509870,1310901,1467146,1467146,600.000086022,600.347336134
c076,2,1,2,802900,757051,778896,778896,1200.000266137,1200.627146172
c076,2,1,3,433345,406995,410858,410858,1800.001399444,1800.88559539
c076,2,1,4,375098,353365,366156,366156,2400.001747034,2401.118409407
c076,2,1,5,324937,306257,316770,316770,3000.002236762,3001.321651103
c076,2,1,6,225312,212343,220170,220170,3600.002828442,3601.507680364
thread 'main' panicked at 'index out of bounds: the len is 27 but the index is 28', /home/rule/library/term-rewriting-rs/src/types/atom.rs:138:9
stack backtrace:
   0:     0x564fd1d742f5 - backtrace::backtrace::libunwind::trace::h812748238d609e46
                               at /cargo/registry/src/github.com-1ecc6299db9ec823/backtrace-0.3.46/src/backtrace/libunwind.rs:86
   1:     0x564fd1d742f5 - backtrace::backtrace::trace_unsynchronized::h7c97e818aebf09c8
                               at /cargo/registry/src/github.com-1ecc6299db9ec823/backtrace-0.3.46/src/backtrace/mod.rs:66
   2:     0x564fd1d742f5 - std::sys_common::backtrace::_print_fmt::h60d914263b0ccd71
                               at src/libstd/sys_common/backtrace.rs:78
   3:     0x564fd1d742f5 - <std::sys_common::backtrace::_print::DisplayBacktrace as core::fmt::Display>::fmt::hf78227137afc7565
                               at src/libstd/sys_common/backtrace.rs:59
   4:     0x564fd1c206dc - core::fmt::write::h543cdf60775f89bf
                               at src/libcore/fmt/mod.rs:1069
   5:     0x564fd1d73914 - std::io::Write::write_fmt::h0c7f3ce24c679426
                               at src/libstd/io/mod.rs:1504
   6:     0x564fd1d73105 - std::sys_common::backtrace::_print::h80e55e24be231368
                               at src/libstd/sys_common/backtrace.rs:62
   7:     0x564fd1d73105 - std::sys_common::backtrace::print::h3b197b9c1261c865
                               at src/libstd/sys_common/backtrace.rs:49
   8:     0x564fd1d73105 - std::panicking::default_hook::{{closure}}::ha6c807149ce20f8f
                               at src/libstd/panicking.rs:198
   9:     0x564fd1d72904 - std::panicking::default_hook::he49a9c12e358cc45
                               at src/libstd/panicking.rs:218
  10:     0x564fd1d72904 - std::panicking::rust_panic_with_hook::h93f74f5ef2f71f31
                               at src/libstd/panicking.rs:511
  11:     0x564fd1d72208 - rust_begin_unwind
                               at src/libstd/panicking.rs:419
  12:     0x564fd1c1e980 - core::panicking::panic_fmt::h1ce7d3a6bb2a90c1
                               at src/libcore/panicking.rs:111
  13:     0x564fd1c1e811 - core::panicking::panic_bounds_check::h4b3d0dcda831e378
                               at src/libcore/panicking.rs:69
  14:     0x564fd1d9bf96 - <term_rewriting::types::term::Context as core::convert::From<term_rewriting::types::atom::SituatedAtom>>::from::h880a3856dfc6f9e2
  15:     0x564fd1c8f53c - programinduction::trs::mcts::TrueState::make_move::h5636b3422394ea91
  16:     0x564fd1d69262 - programinduction::mcts::SearchTree<M>::prune_except_top::h8e9f962d5bb011d5
  17:     0x564fd1d47f26 - simulation::search::h54da192a5138b072
  18:     0x564fd1d35c7e - polytype::atype::context::with_ctx::h6dd93c58638b6fd1
  19:     0x564fd1d7d0e3 - std::rt::lang_start_internal::{{closure}}::{{closure}}::h4ed4ab1fb893cc93
                               at src/libstd/rt.rs:52
  20:     0x564fd1d7d0e3 - std::sys_common::backtrace::__rust_begin_short_backtrace::h1f01c818c00c4f70
                               at src/libstd/sys_common/backtrace.rs:130
  21:     0x564fd1d4e3e2 - main
  22:     0x7f26354d41e3 - __libc_start_main
  23:     0x564fd1bd618e - _start
  24:                0x0 - <unknown>
