    Finished release [optimized] target(s) in 0.03s
     Running `/home/rule/library/list-routine-learning-rs/target/release/simulation small_simulation.toml 5 /home/rule/library/list-routines-model-comparison/waves/3_1/json/c050_5.json out/1595515609/results/c050_5_best.csv out/1595515609/results/c050_5_predictions.csv out/1595515609/results/c050_5_all.csv /dev/null`
# loaded parameters
# loaded lexicon
#   C/0: list → list
#   TRUE/0: bool
#   FALSE/0: bool
#   NIL/0: list
#   CONS/0: nat → list → list
#   0/0: digit
#   1/0: digit
#   2/0: digit
#   3/0: digit
#   4/0: digit
#   5/0: digit
#   6/0: digit
#   7/0: digit
#   8/0: digit
#   9/0: digit
#   DIGIT/0: digit → nat
#   NAN/0: nat
#   ./2: ∀t1. ∀t2. (t1 → t2) → t1 → t2
#   EMPTY/0: list → bool
#   EQUAL/0: ∀t0. t0 → t0 → bool
#   HEAD/0: list → nat
#   IF/0: ∀t0. bool → t0 → t0 → t0
#   TAIL/0: list → list
#   +/0: nat → nat → nat
#   -/0: nat → nat → nat
#   >/0: nat → nat → bool
# loaded background
# loaded data
#   Datum { i: IntList([6, 6, 9, 7, 5, 9]), o: IntList([6, 6, 6, 9, 7, 5, 9]) }
#   Datum { i: IntList([6, 0, 3, 0, 5, 2, 9, 7, 8, 1]), o: IntList([6, 6, 0, 3, 0, 5, 2, 9, 7, 8, 1]) }
#   Datum { i: IntList([7, 9, 6, 6, 9, 2, 9, 9, 2, 9]), o: IntList([7, 7, 9, 6, 6, 9, 2, 9, 9, 2, 9]) }
#   Datum { i: IntList([3, 7]), o: IntList([3, 3, 7]) }
#   Datum { i: IntList([3, 2, 3, 0, 2, 0, 4, 3]), o: IntList([3, 3, 2, 3, 0, 2, 0, 4, 3]) }
#   Datum { i: IntList([5]), o: IntList([5, 5]) }
#   Datum { i: IntList([2, 4, 9, 3]), o: IntList([2, 2, 4, 9, 3]) }
#   Datum { i: IntList([5, 8, 5, 5, 5, 8, 8]), o: IntList([5, 5, 8, 5, 5, 5, 8, 8]) }
#   Datum { i: IntList([4, 6, 7]), o: IntList([4, 4, 6, 7]) }
#   Datum { i: IntList([0, 4, 8, 4, 0]), o: IntList([0, 0, 4, 8, 4, 0]) }
#   Datum { i: IntList([4, 2, 6, 1, 5, 3, 1, 8, 9]), o: IntList([4, 4, 2, 6, 1, 5, 3, 1, 8, 9]) }
# searching
problem,run,order,trial,steps,tree,hypotheses,search_time,total_time
c050,0,5,1,1247823,1247825,1152950,600.00013709,601.771338633
c050,0,5,2,248388,249409,240994,1200.001946319,1202.328244334
c050,0,5,3,111010,111816,109135,1800.00484238,1802.70706959
c050,0,5,4,70347,71125,68849,2400.011218242,2403.030734733
c050,0,5,5,63902,64691,62764,3000.014340929,3003.483964939
c050,0,5,6,55346,56055,54352,3600.014645324,3603.766119456
c050,0,5,7,53937,54618,53054,4200.019024637,4204.104668521
c050,0,5,8,48762,49580,48124,4800.021311935,4804.41059459
c050,0,5,9,40964,41762,40201,5400.031777366,5404.696598835
c050,0,5,10,38215,39007,37832,6000.039535802,6004.978747305
c050,0,5,11,34165,34922,33874,6600.04222839,6605.265289873
# search time: 6600.042s
# total time: 6605.490s
c050,1,5,1,1232874,1232876,1145914,600.000086931,600.300368483
c050,1,5,2,246836,249020,240544,1200.000981652,1200.529102953
c050,1,5,3,104465,105378,102400,1800.003513606,1800.713999623
c050,1,5,4,64652,65351,63666,2400.011225671,2400.903133269
c050,1,5,5,64772,65565,63591,3000.013708937,3001.09136247
c050,1,5,6,57234,57954,55926,3600.015431086,3601.246803931
c050,1,5,7,52805,53440,51754,4200.0167611159995,4201.378594069
c050,1,5,8,47275,48056,46633,4800.022723393,4801.560605117
c050,1,5,9,40363,41130,39922,5400.029467978,5401.751117656
c050,1,5,10,37440,38106,36914,6000.055371345,6001.931867055
c050,1,5,11,33838,34554,33535,6600.071462415,6602.12004885
# search time: 6600.071s
# total time: 13207.941s
c050,2,5,1,1215481,1215483,1122799,600.000075114,600.237787642
c050,2,5,2,246503,248692,240147,1200.001257835,1200.396700445
c050,2,5,3,100718,101681,99108,1800.0033110499999,1800.517708856
c050,2,5,4,63323,64040,62228,2400.004815413,2400.637618818
c050,2,5,5,63268,64112,62344,3000.006841236,3000.734362735
c050,2,5,6,52919,53719,52070,3600.0103568980003,3600.855739123
c050,2,5,7,52301,52988,51392,4200.032460612,4200.989650989
c050,2,5,8,47648,48409,46936,4800.036626587,4801.100147479
c050,2,5,9,40044,40833,39647,5400.057458133,5401.2042815
c050,2,5,10,37340,38001,36849,6000.0848849700005,6001.328237177
c050,2,5,11,33552,34263,33199,6600.093472567,6601.455137402
# search time: 6600.093s
# total time: 19809.730s
c050,3,5,1,1260399,1260401,1134135,600.001571151,600.216584151
c050,3,5,2,248378,249679,240837,1200.001645474,1200.354395592
c050,3,5,3,102449,103459,100570,1800.0038909230002,1800.458847439
c050,3,5,4,63206,63988,62362,2400.0080209260004,2400.552517573
c050,3,5,5,62507,63237,61487,3000.0094098530003,3000.659531197
c050,3,5,6,53311,54147,52386,3600.011565447,3600.773058696
c050,3,5,7,52722,53446,51744,4200.019727465,4200.877071256
c050,3,5,8,47014,47766,46355,4800.026048723,4800.94706208
c050,3,5,9,39986,40730,39235,5400.059951376999,5401.082479308
c050,3,5,10,37079,37855,36789,6000.080908546999,6001.19130881
c050,3,5,11,33066,33746,32755,6600.0826073789995,6601.264530013
# search time: 6600.083s
# total time: 26411.317s
c050,4,5,1,1241551,1241553,1141232,600.000254119,600.182758513
c050,4,5,2,239154,240951,232903,1200.000598502,1200.294141069
c050,4,5,3,108371,109378,106521,1800.001813396,1800.385038104
c050,4,5,4,67501,68224,66061,2400.008329405,2400.464928961
c050,4,5,5,63264,63990,62125,3000.010004364,3000.565521094
c050,4,5,6,54213,55039,53079,3600.015459457,3600.638308254
c050,4,5,7,52999,53638,51994,4200.023178713,4200.709588574
c050,4,5,8,48713,49500,47932,4800.024918495999,4800.779121404
c050,4,5,9,40453,41276,39945,5400.0305475019995,5400.878770368
c050,4,5,10,37434,38161,37011,6000.031534422,6000.955615382
c050,4,5,11,33298,33938,32907,6600.046016564,6601.042809722
# search time: 6600.046s
# total time: 33012.685s
