    Finished release [optimized] target(s) in 0.03s
     Running `/home/rule/library/list-routine-learning-rs/target/release/simulation small_simulation.toml 5 /home/rule/library/list-routines-model-comparison/waves/3_1/json/c056_5.json out/1595515609/results/c056_5_best.csv out/1595515609/results/c056_5_predictions.csv out/1595515609/results/c056_5_all.csv /dev/null`
# loaded parameters
# loaded lexicon
#   C/0: list → list
#   TRUE/0: bool
#   FALSE/0: bool
#   NIL/0: list
#   CONS/0: nat → list → list
#   0/0: digit
#   1/0: digit
#   2/0: digit
#   3/0: digit
#   4/0: digit
#   5/0: digit
#   6/0: digit
#   7/0: digit
#   8/0: digit
#   9/0: digit
#   DIGIT/0: digit → nat
#   NAN/0: nat
#   ./2: ∀t1. ∀t2. (t1 → t2) → t1 → t2
#   EMPTY/0: list → bool
#   EQUAL/0: ∀t0. t0 → t0 → bool
#   HEAD/0: list → nat
#   IF/0: ∀t0. bool → t0 → t0 → t0
#   TAIL/0: list → list
#   +/0: nat → nat → nat
#   -/0: nat → nat → nat
#   >/0: nat → nat → bool
# loaded background
# loaded data
#   Datum { i: IntList([1, 8, 3, 8, 3, 0, 6]), o: IntList([1, 8, 3, 8, 0, 6]) }
#   Datum { i: IntList([3, 4, 4, 3, 3, 4]), o: IntList([3, 4, 4, 3, 4]) }
#   Datum { i: IntList([2, 0, 6, 2, 0, 0, 6, 2, 6]), o: IntList([2, 0, 6, 2, 0, 6, 2, 6]) }
#   Datum { i: IntList([1, 1, 1, 1, 1, 1, 1, 1, 1]), o: IntList([1, 1, 1, 1, 1, 1, 1, 1]) }
#   Datum { i: IntList([7, 6, 7, 8, 6, 0, 7, 6, 0, 5]), o: IntList([7, 6, 7, 8, 0, 7, 6, 0, 5]) }
#   Datum { i: IntList([0, 4, 2, 4, 0]), o: IntList([0, 4, 2, 4]) }
#   Datum { i: IntList([5, 6, 9, 6, 6, 5, 9]), o: IntList([5, 6, 9, 6, 5, 9]) }
#   Datum { i: IntList([2, 1, 2, 6, 7, 2]), o: IntList([2, 1, 2, 6, 2]) }
#   Datum { i: IntList([8, 8, 8, 8, 8, 8, 8, 8]), o: IntList([8, 8, 8, 8, 8, 8, 8]) }
#   Datum { i: IntList([0, 8, 3, 6, 5, 9, 7, 2, 3, 1]), o: IntList([0, 8, 3, 6, 9, 7, 2, 3, 1]) }
#   Datum { i: IntList([9, 0, 0, 9, 0, 0, 0, 9]), o: IntList([9, 0, 0, 9, 0, 0, 9]) }
# searching
problem,run,order,trial,steps,tree,hypotheses,search_time,total_time
c056,0,5,1,1260534,1260536,1161550,600.000264834,601.920106733
c056,0,5,2,257562,259753,252533,1200.001093877,1202.433528158
c056,0,5,3,153163,154153,149848,1800.001898169,1802.848128099
c056,0,5,4,104821,105518,101622,2400.012134696,2403.195667894
c056,0,5,5,70792,71700,69607,3000.019897243,3003.712936719
c056,0,5,6,53842,54677,52975,3600.0291491529997,3604.066121393
c056,0,5,7,49885,50548,49176,4200.035828522,4204.602780576
c056,0,5,8,46085,46807,45446,4800.0642337009995,4805.145363996
c056,0,5,9,41633,42477,41229,5400.073873769999,5405.650526718
c056,0,5,10,36289,37050,35934,6000.075949664999,6006.19850455
c056,0,5,11,30319,31058,30099,6600.094371567999,6606.737190191
# search time: 6600.094s
# total time: 6606.948s
c056,1,5,1,1173884,1173886,1085594,600.000131532,600.271315354
c056,1,5,2,244863,246905,240038,1200.0016416419999,1200.524683159
c056,1,5,3,152288,153298,148463,1800.006782861,1800.727679533
c056,1,5,4,104684,105519,102258,2400.009467796,2400.905802964
c056,1,5,5,69626,70637,68372,3000.0099868750003,3001.186211418
c056,1,5,6,53205,54120,52404,3600.0124846330004,3601.354105532
c056,1,5,7,49026,49677,48291,4200.024494126001,4201.61717564
c056,1,5,8,45036,45802,44408,4800.032319584001,4801.89579827
c056,1,5,9,41199,41881,40641,5400.033258965001,5402.169909369
c056,1,5,10,35641,36428,35230,6000.054498256,6002.43521333
c056,1,5,11,29987,30759,29874,6600.061138292001,6602.797718298
# search time: 6600.061s
# total time: 13210.046s
c056,2,5,1,1205438,1205440,1104895,600.001319037,600.209357148
c056,2,5,2,247776,250362,243095,1200.001673446,1200.372992267
c056,2,5,3,151976,152940,148451,1800.003089667,1800.510134503
c056,2,5,4,106362,107139,104041,2400.006320726,2400.613792829
c056,2,5,5,69814,70829,68654,3000.014486275,3000.804790614
c056,2,5,6,54001,54903,53140,3600.0231047419998,3600.928590817
c056,2,5,7,49425,50095,48630,4200.042053456999,4201.120040816
c056,2,5,8,45336,46127,44601,4800.043433987999,4801.323724653
c056,2,5,9,41562,42244,40863,5400.057856084999,5401.513679499
c056,2,5,10,35463,36210,35089,6000.061273387999,6001.720189055
c056,2,5,11,30203,30919,29942,6600.065408059999,6601.972552528
# search time: 6600.065s
# total time: 19812.316s
c056,3,5,1,1236131,1236133,1128871,600.001609352,600.201998254
c056,3,5,2,246554,248449,241322,1200.0023682699998,1200.330143101
c056,3,5,3,152624,153660,148868,1800.0080620209997,1800.436653986
c056,3,5,4,102999,103890,100094,2400.0165275929994,2400.565791443
c056,3,5,5,68892,69932,67888,3000.0274405979994,3000.712409957
c056,3,5,6,54434,55168,53432,3600.0285507279996,3600.817177761
c056,3,5,7,49666,50351,48988,4200.028773661999,4200.939299889
c056,3,5,8,45953,46633,45029,4800.0394335129995,4801.136016813
c056,3,5,9,41420,42173,40851,5400.0440884849995,5401.251210594
c056,3,5,10,35593,36347,35178,6000.053919047,6001.38474117
c056,3,5,11,30391,31080,30146,6600.070429611,6601.575047187
# search time: 6600.070s
# total time: 26414.186s
c056,4,5,1,1187731,1187733,1103211,600.006534562,600.189456236
c056,4,5,2,248919,250929,243832,1200.006714123,1200.301291578
c056,4,5,3,151838,152803,148478,1800.008343347,1800.384465261
c056,4,5,4,102996,103823,100137,2400.0102189179997,2400.459210016
c056,4,5,5,69289,70259,68165,3000.0121161109996,3000.563195879
c056,4,5,6,52849,53395,51756,3600.0146140039997,3600.638261125
c056,4,5,7,48681,49357,47974,4200.023106373999,4200.774852616
c056,4,5,8,45525,46194,44818,4800.025690117,4800.892620973
c056,4,5,9,40765,41413,40090,5400.035401288999,5401.022321177
c056,4,5,10,34626,35335,34342,6000.055967288999,6001.144163246
c056,4,5,11,30098,30741,29792,6600.060138241,6601.240634036
# search time: 6600.060s
# total time: 33015.756s
