# ~~~~~~~~~~~~~~~~~~~~~~~~~~~~~~~~~~~~~~~~~~~~~~~~~~~~~~~~~~~~~~~~~~~~~~~~~~~~~~~~~~~~~~~~~~~~~~~~
# Running Fleet on simon with PID=11204 by user piantado at Wed Nov  6 21:04:48 2019
# ~~~~~~~~~~~~~~~~~~~~~~~~~~~~~~~~~~~~~~~~~~~~~~~~~~~~~~~~~~~~~~~~~~~~~~~~~~~~~~~~~~~~~~~~~~~~~~~~
# Executable checksum: ae0be1a467d652ad2e23d323782b74b7  /proc/11204/exe
# 	 --input=wave1/c000.txt
# 	 --threads=4
# 	 --chains=8
# 	 --mcmc=0
# 	 --mcts=0
# 	 --time=10m (600 seconds)
# 	 --restart=0
# 	 --seed=0
# ~~~~~~~~~~~~~~~~~~~~~~~~~~~~~~~~~~~~~~~~~~~~~~~~~~~~~~~~~~~~~~~~~~~~~~~~~~~~~~~~~~~~~~~~~~~~~~~~
# using data f8I -> 
# using data 1DN522 -> 
# using data 576: -> 
# using data 31:93< -> 
# using data F8[ -> 
# using data e004257 -> 
# using data 1g -> 
# using data 61? -> 
# using data 00\7f;`=0o -> 
# using data  -> 
# using data 9p532780i5 -> 
# using data A;2lJ4135: -> 
# using data 9@: -> 
# using data G{31lW:18 -> 
# using data 49G -> 
# using data 6m4 -> 
# using data :q?<r8CM -> 
# using data :1Q9:2i181 -> 
# using data v -> 
# using data 56fG4:m -> 
# using data 2g1529 -> 
# using data 33M6W5z23 -> 
# using data 59<<x3~679 -> 
# using data B;:c1J -> 
# using data 9_F3j58 -> 
# using data 5 -> 
# using data 077?62> -> 
# using data <;2 -> 
# using data 7FZco0j -> 
# using data {74;:=34 -> 
# using data 7ap99`9 -> 
# using data 495 -> 
# using data R24073C8x -> 
# using data :8ByD -> 
# using data K79]50 -> 
# using data 37Y4 -> 
# using data 0 -> 
# using data 30783lz8L8 -> 
# using data 54:@HG: -> 
# using data X -> 
# using data =372 -> 
# using data 52:3 -> 
# using data 67253:1 -> 
# using data 357Ni1P -> 
# using data z{755:}1 -> 
# using data 0i4u -> 
# using data Ay40N8J1 -> 
# using data 72d5 -> 
# using data 6 -> 
# using data U -> 
# Starting run 
-11.7971	-11.7971	0	"λx.F(head(F(Ø)))"
-11.7971	-11.7971	0	"λx.F(tail(F(Ø)))"
-11.7971	-11.7971	0	"λx.F(F(tail(Ø)))"
-11.6692	-11.6692	0	"λx.if(empty('0'),x,Ø)"
-11.6692	-11.6692	0	"λx.if(empty('1'),x,Ø)"
-11.6692	-11.6692	0	"λx.if(empty('6'),x,Ø)"
-11.6692	-11.6692	0	"λx.if(empty('4'),x,Ø)"
-11.6692	-11.6692	0	"λx.if(empty('7'),x,Ø)"
-11.6692	-11.6692	0	"λx.if(empty('2'),x,Ø)"
-11.6692	-11.6692	0	"λx.if(empty('5'),x,Ø)"
-11.6692	-11.6692	0	"λx.if(empty('9'),x,Ø)"
-11.6692	-11.6692	0	"λx.if(empty(','),x,Ø)"
-11.6692	-11.6692	0	"λx.if(empty('3'),x,Ø)"
-11.6692	-11.6692	0	"λx.if(empty('8'),x,Ø)"
-11.5739	-11.5739	0	"λx.if(empty(x),Ø,Ø)"
-11.5739	-11.5739	0	"λx.if(empty(Ø),Ø,x)"
-11.1039	-11.1039	0	"λx.F(F(F(Ø)))"
-10.8808	-10.8808	0	"λx.tail(head(head(x)))"
-10.8808	-10.8808	0	"λx.head(tail(head(x)))"
-10.8808	-10.8808	0	"λx.tail(head(tail(x)))"
-10.8808	-10.8808	0	"λx.tail(tail(head(x)))"
-10.2646	-10.2646	0	"λx.if((x==x),Ø,x)"
-10.1876	-10.1876	0	"λx.F(tail(tail(x)))"
-10.1876	-10.1876	0	"λx.F(head(tail(x)))"
-10.1876	-10.1876	0	"λx.tail(F(tail(x)))"
-10.1876	-10.1876	0	"λx.F(tail(head(x)))"
-10.1876	-10.1876	0	"λx.head(F(tail(x)))"
-9.98282	-9.98282	0	"λx.head(tail('6'))"
-9.98282	-9.98282	0	"λx.tail(tail('3'))"
-9.98282	-9.98282	0	"λx.head(tail('9'))"
-9.98282	-9.98282	0	"λx.tail(tail('6'))"
-9.98282	-9.98282	0	"λx.head(tail('3'))"
-9.98282	-9.98282	0	"λx.tail(head('2'))"
-9.98282	-9.98282	0	"λx.tail(head('7'))"
-9.98282	-9.98282	0	"λx.tail(head('0'))"
-9.98282	-9.98282	0	"λx.tail(tail('8'))"
-9.98282	-9.98282	0	"λx.head(tail('1'))"
-9.98282	-9.98282	0	"λx.tail(tail('1'))"
-9.98282	-9.98282	0	"λx.tail(head(','))"
-9.98282	-9.98282	0	"λx.head(tail('8'))"
-9.98282	-9.98282	0	"λx.head(tail('0'))"
-9.98282	-9.98282	0	"λx.head(tail('7'))"
-9.98282	-9.98282	0	"λx.head(tail('5'))"
-9.98282	-9.98282	0	"λx.tail(tail('9'))"
-9.98282	-9.98282	0	"λx.tail(head('3'))"
-9.98282	-9.98282	0	"λx.tail(head('1'))"
-9.98282	-9.98282	0	"λx.tail(head('4'))"
-9.98282	-9.98282	0	"λx.tail(head('8'))"
-9.98282	-9.98282	0	"λx.head(tail('4'))"
-9.98282	-9.98282	0	"λx.tail(tail('4'))"
-9.98282	-9.98282	0	"λx.tail(head('5'))"
-9.98282	-9.98282	0	"λx.head(tail(','))"
-9.98282	-9.98282	0	"λx.tail(tail(','))"
-9.98282	-9.98282	0	"λx.tail(head('6'))"
-9.98282	-9.98282	0	"λx.tail(tail('7'))"
-9.98282	-9.98282	0	"λx.tail(tail('5'))"
-9.98282	-9.98282	0	"λx.tail(head('9'))"
-9.98282	-9.98282	0	"λx.tail(tail('2'))"
-9.98282	-9.98282	0	"λx.head(tail('2'))"
-9.98282	-9.98282	0	"λx.tail(tail('0'))"
-9.88751	-9.88751	0	"λx.cons(Ø,Ø)"
-9.88751	-9.88751	0	"λx.head(tail(Ø))"
-9.88751	-9.88751	0	"λx.tail(tail(Ø))"
-9.88751	-9.88751	0	"λx.tail(head(Ø))"
-9.88751	-9.88751	0	"λx.head(head(Ø))"
-9.49447	-9.49447	0	"λx.F(F(tail(x)))"
-9.28967	-9.28967	0	"λx.F(tail(','))"
-9.28967	-9.28967	0	"λx.F(tail('6'))"
-9.28967	-9.28967	0	"λx.F(tail('7'))"
-9.28967	-9.28967	0	"λx.F(tail('1'))"
-9.28967	-9.28967	0	"λx.F(tail('0'))"
-9.28967	-9.28967	0	"λx.F(tail('3'))"
-9.28967	-9.28967	0	"λx.F(tail('9'))"
-9.28967	-9.28967	0	"λx.F(tail('4'))"
-9.28967	-9.28967	0	"λx.F(tail('5'))"
-9.28967	-9.28967	0	"λx.F(tail('2'))"
-9.28967	-9.28967	0	"λx.F(tail('8'))"
-9.27132	-9.27132	0	"λx.if(empty(x),x,Ø)"
-9.19436	-9.19436	0	"λx.F(head(Ø))"
-9.19436	-9.19436	0	"λx.tail(F(Ø))"
-9.19436	-9.19436	0	"λx.F(tail(Ø))"
-9.19436	-9.19436	0	"λx.head(F(Ø))"
-8.50122	-8.50122	0	"λx.F(F(Ø))"
-7.58493	-7.58493	0	"λx.tail(head(x))"
-6.89178	-6.89178	0	"λx.F(tail(x))"
-6.68698	-6.68698	0	"λx.tail('1')"
-6.68698	-6.68698	0	"λx.tail('8')"
-6.68698	-6.68698	0	"λx.tail('9')"
-6.68698	-6.68698	0	"λx.tail('6')"
-6.68698	-6.68698	0	"λx.tail('7')"
-6.68698	-6.68698	0	"λx.tail(',')"
-6.68698	-6.68698	0	"λx.tail('3')"
-6.68698	-6.68698	0	"λx.tail('2')"
-6.68698	-6.68698	0	"λx.tail('4')"
-6.68698	-6.68698	0	"λx.tail('0')"
-6.68698	-6.68698	0	"λx.tail('5')"
-6.59167	-6.59167	0	"λx.head(Ø)"
-6.59167	-6.59167	0	"λx.tail(Ø)"
-5.89853	-5.89853	0	"λx.F(Ø)"
-3.29584	-3.29584	0	"λx.Ø"
# Global sample count:	187502530
# Elapsed time:	600.5 seconds 
# Samples per second:	312244
