# ~~~~~~~~~~~~~~~~~~~~~~~~~~~~~~~~~~~~~~~~~~~~~~~~~~~~~~~~~~~~~~~~~~~~~~~~~~~~~~~~~~~~~~~~~~~~~~~~
# Running Fleet on simon with PID=11252 by user piantado at Wed Nov  6 21:04:48 2019
# ~~~~~~~~~~~~~~~~~~~~~~~~~~~~~~~~~~~~~~~~~~~~~~~~~~~~~~~~~~~~~~~~~~~~~~~~~~~~~~~~~~~~~~~~~~~~~~~~
# Executable checksum: ae0be1a467d652ad2e23d323782b74b7  /proc/11252/exe
# 	 --input=wave1/c007.txt
# 	 --threads=4
# 	 --chains=8
# 	 --mcmc=0
# 	 --mcts=0
# 	 --time=10m (600 seconds)
# 	 --restart=0
# 	 --seed=0
# ~~~~~~~~~~~~~~~~~~~~~~~~~~~~~~~~~~~~~~~~~~~~~~~~~~~~~~~~~~~~~~~~~~~~~~~~~~~~~~~~~~~~~~~~~~~~~~~~
# using data YX026 -> Cn31fYX026
# using data hL1n5 -> Cn31fhL1n5
# using data eh7} -> Cn31feh7}
# using data p68A -> Cn31fp68A
# using data 63: -> Cn31f63:
# using data ]:Z -> Cn31f]:Z
# using data  -> Cn31f
# using data Y265 -> Cn31fY265
# using data 3 -> Cn31f3
# using data 7:1 -> Cn31f7:1
# using data 9Y5:9 -> Cn31f9Y5:9
# using data 4mV -> Cn31f4mV
# using data 3>5tA -> Cn31f3>5tA
# using data 0;6 -> Cn31f0;6
# using data 8B5 -> Cn31f8B5
# using data :5c -> Cn31f:5c
# using data 0S@7 -> Cn31f0S@7
# using data U852 -> Cn31fU852
# using data 22 -> Cn31f22
# using data 7; -> Cn31f7;
# using data 0 -> Cn31f0
# using data =@7 -> Cn31f=@7
# using data 6@ -> Cn31f6@
# using data d:51 -> Cn31fd:51
# using data }2_X -> Cn31f}2_X
# using data = -> Cn31f=
# using data 5391: -> Cn31f5391:
# using data 7vl -> Cn31f7vl
# using data 368 -> Cn31f368
# using data 4 -> Cn31f4
# using data 5 -> Cn31f5
# using data t766 -> Cn31ft766
# using data : -> Cn31f:
# using data B59 -> Cn31fB59
# using data 3~:Qg -> Cn31f3~:Qg
# using data 47` -> Cn31f47`
# using data x9gS6 -> Cn31fx9gS6
# using data 5V -> Cn31f5V
# using data 2Ox -> Cn31f2Ox
# using data 70 -> Cn31f70
# using data 0iQl2 -> Cn31f0iQl2
# using data \ -> Cn31f\
# using data 6:]9: -> Cn31f6:]9:
# using data ek -> Cn31fek
# using data p -> Cn31fp
# using data hA7;5 -> Cn31fhA7;5
# using data r1;G> -> Cn31fr1;G>
# using data 0t4 -> Cn31f0t4
# using data 180u -> Cn31f180u
# using data 181I -> Cn31f181I
# Starting run 
-2869.05	-11.7971	-2857.25	"λx.tail(F(F(Ø)))"
-2869.05	-11.7971	-2857.25	"λx.F(tail(F(Ø)))"
-2869.05	-11.7971	-2857.25	"λx.F(F(tail(Ø)))"
-2868.92	-11.6692	-2857.25	"λx.if(empty('0'),x,Ø)"
-2868.92	-11.6692	-2857.25	"λx.if(empty('1'),x,Ø)"
-2868.92	-11.6692	-2857.25	"λx.if(empty('6'),x,Ø)"
-2868.92	-11.6692	-2857.25	"λx.if(empty('4'),x,Ø)"
-2868.92	-11.6692	-2857.25	"λx.if(empty('7'),x,Ø)"
-2868.92	-11.6692	-2857.25	"λx.if(empty('2'),x,Ø)"
-2868.92	-11.6692	-2857.25	"λx.if(empty('5'),x,Ø)"
-2868.92	-11.6692	-2857.25	"λx.if(empty('9'),x,Ø)"
-2868.92	-11.6692	-2857.25	"λx.if(empty(','),x,Ø)"
-2868.92	-11.6692	-2857.25	"λx.if(empty('3'),x,Ø)"
-2868.92	-11.6692	-2857.25	"λx.if(empty('8'),x,Ø)"
-2868.82	-11.5739	-2857.25	"λx.if(empty(x),Ø,Ø)"
-2868.82	-11.5739	-2857.25	"λx.if(empty(Ø),Ø,x)"
-2868.35	-11.1039	-2857.25	"λx.F(F(F(Ø)))"
-2868.13	-10.8808	-2857.25	"λx.tail(head(head(x)))"
-2868.13	-10.8808	-2857.25	"λx.head(tail(head(x)))"
-2868.13	-10.8808	-2857.25	"λx.tail(head(tail(x)))"
-2868.13	-10.8808	-2857.25	"λx.tail(tail(head(x)))"
-2867.52	-10.2646	-2857.25	"λx.if((x==x),Ø,x)"
-2867.44	-10.1876	-2857.25	"λx.F(tail(tail(x)))"
-2867.44	-10.1876	-2857.25	"λx.F(head(tail(x)))"
-2867.44	-10.1876	-2857.25	"λx.tail(F(tail(x)))"
-2867.44	-10.1876	-2857.25	"λx.F(tail(head(x)))"
-2867.44	-10.1876	-2857.25	"λx.head(F(tail(x)))"
-2867.23	-9.98282	-2857.25	"λx.head(tail('6'))"
-2867.23	-9.98282	-2857.25	"λx.tail(tail('3'))"
-2867.23	-9.98282	-2857.25	"λx.head(tail('9'))"
-2867.23	-9.98282	-2857.25	"λx.tail(tail('6'))"
-2867.23	-9.98282	-2857.25	"λx.head(tail('3'))"
-2867.23	-9.98282	-2857.25	"λx.tail(head('2'))"
-2867.23	-9.98282	-2857.25	"λx.tail(head('7'))"
-2867.23	-9.98282	-2857.25	"λx.tail(head('0'))"
-2867.23	-9.98282	-2857.25	"λx.tail(tail('8'))"
-2867.23	-9.98282	-2857.25	"λx.head(tail('1'))"
-2867.23	-9.98282	-2857.25	"λx.tail(tail('1'))"
-2867.23	-9.98282	-2857.25	"λx.tail(head(','))"
-2867.23	-9.98282	-2857.25	"λx.head(tail('8'))"
-2867.23	-9.98282	-2857.25	"λx.head(tail('0'))"
-2867.23	-9.98282	-2857.25	"λx.head(tail('7'))"
-2867.23	-9.98282	-2857.25	"λx.head(tail('5'))"
-2867.23	-9.98282	-2857.25	"λx.tail(tail('9'))"
-2867.23	-9.98282	-2857.25	"λx.tail(head('3'))"
-2867.23	-9.98282	-2857.25	"λx.tail(head('1'))"
-2867.23	-9.98282	-2857.25	"λx.tail(head('4'))"
-2867.23	-9.98282	-2857.25	"λx.tail(head('8'))"
-2867.23	-9.98282	-2857.25	"λx.head(tail('4'))"
-2867.23	-9.98282	-2857.25	"λx.tail(tail('4'))"
-2867.23	-9.98282	-2857.25	"λx.tail(head('5'))"
-2867.23	-9.98282	-2857.25	"λx.head(tail(','))"
-2867.23	-9.98282	-2857.25	"λx.tail(tail(','))"
-2867.23	-9.98282	-2857.25	"λx.tail(head('6'))"
-2867.23	-9.98282	-2857.25	"λx.tail(tail('7'))"
-2867.23	-9.98282	-2857.25	"λx.tail(tail('5'))"
-2867.23	-9.98282	-2857.25	"λx.tail(head('9'))"
-2867.23	-9.98282	-2857.25	"λx.tail(tail('2'))"
-2867.23	-9.98282	-2857.25	"λx.head(tail('2'))"
-2867.23	-9.98282	-2857.25	"λx.tail(tail('0'))"
-2867.14	-9.88751	-2857.25	"λx.cons(Ø,Ø)"
-2867.14	-9.88751	-2857.25	"λx.head(tail(Ø))"
-2867.14	-9.88751	-2857.25	"λx.tail(tail(Ø))"
-2867.14	-9.88751	-2857.25	"λx.tail(head(Ø))"
-2867.14	-9.88751	-2857.25	"λx.head(head(Ø))"
-2866.75	-9.49447	-2857.25	"λx.F(F(tail(x)))"
-2866.54	-9.28967	-2857.25	"λx.F(tail(','))"
-2866.54	-9.28967	-2857.25	"λx.F(tail('6'))"
-2866.54	-9.28967	-2857.25	"λx.F(tail('7'))"
-2866.54	-9.28967	-2857.25	"λx.F(tail('1'))"
-2866.54	-9.28967	-2857.25	"λx.F(tail('0'))"
-2866.54	-9.28967	-2857.25	"λx.F(tail('3'))"
-2866.54	-9.28967	-2857.25	"λx.F(tail('9'))"
-2866.54	-9.28967	-2857.25	"λx.F(tail('4'))"
-2866.54	-9.28967	-2857.25	"λx.F(tail('5'))"
-2866.54	-9.28967	-2857.25	"λx.F(tail('2'))"
-2866.54	-9.28967	-2857.25	"λx.F(tail('8'))"
-2866.52	-9.27132	-2857.25	"λx.if(empty(x),x,Ø)"
-2866.45	-9.19436	-2857.25	"λx.F(head(Ø))"
-2866.45	-9.19436	-2857.25	"λx.tail(F(Ø))"
-2866.45	-9.19436	-2857.25	"λx.F(tail(Ø))"
-2866.45	-9.19436	-2857.25	"λx.head(F(Ø))"
-2865.75	-8.50122	-2857.25	"λx.F(F(Ø))"
-2864.84	-7.58493	-2857.25	"λx.tail(head(x))"
-2864.14	-6.89178	-2857.25	"λx.F(tail(x))"
-2863.94	-6.68698	-2857.25	"λx.tail('1')"
-2863.94	-6.68698	-2857.25	"λx.tail('8')"
-2863.94	-6.68698	-2857.25	"λx.tail('9')"
-2863.94	-6.68698	-2857.25	"λx.tail('6')"
-2863.94	-6.68698	-2857.25	"λx.tail('7')"
-2863.94	-6.68698	-2857.25	"λx.tail(',')"
-2863.94	-6.68698	-2857.25	"λx.tail('3')"
-2863.94	-6.68698	-2857.25	"λx.tail('2')"
-2863.94	-6.68698	-2857.25	"λx.tail('4')"
-2863.94	-6.68698	-2857.25	"λx.tail('0')"
-2863.94	-6.68698	-2857.25	"λx.tail('5')"
-2863.84	-6.59167	-2857.25	"λx.head(Ø)"
-2863.84	-6.59167	-2857.25	"λx.tail(Ø)"
-2863.15	-5.89853	-2857.25	"λx.F(Ø)"
-2860.55	-3.29584	-2857.25	"λx.Ø"
# Global sample count:	193204069
# Elapsed time:	600.484 seconds 
# Samples per second:	321747
